11:14:12.952 logback [main] INFO  c.e.u.UserServiceApplication - Starting UserServiceApplication on XZ-OJA7I2FUAKR7 with PID 8424 (C:\Users\Administrator\IdeaProjects\user-service\target\classes started by Administrator in C:\Users\Administrator\IdeaProjects\user-service)
11:14:13.036 logback [main] INFO  c.e.u.UserServiceApplication - No active profile set, falling back to default profiles: default
11:14:13.615 logback [main] INFO  o.s.d.r.c.RepositoryConfigurationDelegate - Multiple Spring Data modules found, entering strict repository configuration mode!
11:14:13.615 logback [main] INFO  o.s.d.r.c.RepositoryConfigurationDelegate - Bootstrapping Spring Data repositories in DEFAULT mode.
11:14:13.645 logback [main] INFO  o.s.d.r.c.RepositoryConfigurationDelegate - Finished Spring Data repository scanning in 30ms. Found 0 repository interfaces.
11:14:13.655 logback [main] INFO  o.s.d.r.c.RepositoryConfigurationDelegate - Multiple Spring Data modules found, entering strict repository configuration mode!
11:14:13.655 logback [main] INFO  o.s.d.r.c.RepositoryConfigurationDelegate - Bootstrapping Spring Data repositories in DEFAULT mode.
11:14:13.675 logback [main] INFO  o.s.d.r.c.RepositoryConfigurationDelegate - Finished Spring Data repository scanning in 20ms. Found 0 repository interfaces.
11:14:13.935 logback [main] INFO  o.s.c.s.PostProcessorRegistrationDelegate$BeanPostProcessorChecker - Bean 'org.springframework.ws.config.annotation.DelegatingWsConfiguration' of type [org.springframework.ws.config.annotation.DelegatingWsConfiguration$$EnhancerBySpringCGLIB$$324411f1] is not eligible for getting processed by all BeanPostProcessors (for example: not eligible for auto-proxying)
11:14:13.955 logback [main] INFO  o.s.w.s.a.s.AnnotationActionEndpointMapping - Supporting [WS-Addressing August 2004, WS-Addressing 1.0]
11:14:13.985 logback [main] INFO  o.s.c.s.PostProcessorRegistrationDelegate$BeanPostProcessorChecker - Bean 'org.springframework.transaction.annotation.ProxyTransactionManagementConfiguration' of type [org.springframework.transaction.annotation.ProxyTransactionManagementConfiguration$$EnhancerBySpringCGLIB$$8dac4cf2] is not eligible for getting processed by all BeanPostProcessors (for example: not eligible for auto-proxying)
11:14:14.055 logback [main] INFO  o.s.c.s.PostProcessorRegistrationDelegate$BeanPostProcessorChecker - Bean 'redisConfiguration' of type [com.etekcity.userservice.redis.redisconfig.RedisConfiguration$$EnhancerBySpringCGLIB$$102ebc7b] is not eligible for getting processed by all BeanPostProcessors (for example: not eligible for auto-proxying)
11:14:14.285 logback [main] INFO  o.s.b.w.e.tomcat.TomcatWebServer - Tomcat initialized with port(s): 8080 (http)
11:14:14.295 logback [main] INFO  o.a.coyote.http11.Http11NioProtocol - Initializing ProtocolHandler ["http-nio-8080"]
11:14:14.305 logback [main] INFO  o.a.catalina.core.StandardService - Starting service [Tomcat]
11:14:14.305 logback [main] INFO  o.a.catalina.core.StandardEngine - Starting Servlet engine: [Apache Tomcat/9.0.19]
11:14:14.485 logback [main] INFO  o.a.c.c.C.[Tomcat].[localhost].[/] - Initializing Spring embedded WebApplicationContext
11:14:14.485 logback [main] INFO  o.s.web.context.ContextLoader - Root WebApplicationContext: initialization completed in 1419 ms
11:14:14.785 logback [main] INFO  o.h.jpa.internal.util.LogHelper - HHH000204: Processing PersistenceUnitInfo [
	name: default
	...]
11:14:14.825 logback [main] INFO  org.hibernate.Version - HHH000412: Hibernate Core {5.3.10.Final}
11:14:14.835 logback [main] INFO  org.hibernate.cfg.Environment - HHH000206: hibernate.properties not found
11:14:14.915 logback [main] INFO  o.h.annotations.common.Version - HCANN000001: Hibernate Commons Annotations {5.0.4.Final}
11:14:15.015 logback [main] INFO  com.zaxxer.hikari.HikariDataSource - HikariPool-1 - Starting...
11:14:15.424 logback [main] INFO  com.zaxxer.hikari.HikariDataSource - HikariPool-1 - Start completed.
11:14:15.434 logback [main] INFO  org.hibernate.dialect.Dialect - HHH000400: Using dialect: org.hibernate.dialect.MySQL5Dialect
11:14:15.594 logback [main] INFO  o.s.o.j.LocalContainerEntityManagerFactoryBean - Initialized JPA EntityManagerFactory for persistence unit 'default'
11:14:16.044 logback [main] INFO  o.s.s.c.ThreadPoolTaskExecutor - Initializing ExecutorService 'applicationTaskExecutor'
11:14:16.074 logback [main] WARN  o.s.b.a.o.j.JpaBaseConfiguration$JpaWebConfiguration$JpaWebMvcConfiguration - spring.jpa.open-in-view is enabled by default. Therefore, database queries may be performed during view rendering. Explicitly configure spring.jpa.open-in-view to disable this warning
11:14:16.144 logback [main] WARN  o.s.b.a.t.ThymeleafAutoConfiguration$DefaultTemplateResolverConfiguration - Cannot find template location: classpath:/templates/ (please add some templates or check your Thymeleaf configuration)
11:14:16.704 logback [main] INFO  o.a.coyote.http11.Http11NioProtocol - Starting ProtocolHandler ["http-nio-8080"]
11:14:16.714 logback [main] INFO  o.s.b.w.e.tomcat.TomcatWebServer - Tomcat started on port(s): 8080 (http) with context path ''
11:14:16.724 logback [main] INFO  c.e.u.UserServiceApplication - Started UserServiceApplication in 4.122 seconds (JVM running for 4.947)
11:15:13.559 logback [http-nio-8080-exec-4] INFO  o.a.c.c.C.[Tomcat].[localhost].[/] - Initializing Spring DispatcherServlet 'dispatcherServlet'
11:15:13.559 logback [http-nio-8080-exec-4] INFO  o.s.web.servlet.DispatcherServlet - Initializing Servlet 'dispatcherServlet'
11:15:13.576 logback [http-nio-8080-exec-4] INFO  o.s.web.servlet.DispatcherServlet - Completed initialization in 17 ms
11:15:33.979 logback [http-nio-8080-exec-3] INFO  c.e.userservice.aop.log.WebLogAspect - ===========================Request===========================
HTTP Method   : POST
URL           : http://localhost:8080/api/v1/user/register
11:15:33.985 logback [http-nio-8080-exec-3] INFO  c.e.u.aop.token.WebCheckAspect - email exist in database or not,read database
11:15:34.042 logback [http-nio-8080-exec-3] INFO  c.e.u.aop.token.WebCheckAspect - check success
11:15:34.374 logback [http-nio-8080-exec-3] INFO  c.e.userservice.aop.log.WebLogAspect - ===========================Response===========================
Response Args : {"code":0,"msg":"success","result":{"createAt":"2019-07-04T11:15:34Z","userId":"c45aa31e-320c-4c62-8b37-b20e392cf5cd"}}
11:15:34.374 logback [http-nio-8080-exec-3] INFO  c.e.userservice.aop.log.WebLogAspect - Time-Consuming: 395 ms
11:16:20.284 logback [http-nio-8080-exec-7] INFO  c.e.userservice.aop.log.WebLogAspect - ===========================Request===========================
HTTP Method   : POST
URL           : http://localhost:8080/api/v1/user/login
11:16:20.285 logback [http-nio-8080-exec-7] INFO  c.e.u.aop.token.WebCheckAspect - email exist in database or not,read database
11:16:20.293 logback [http-nio-8080-exec-7] INFO  c.e.u.aop.token.WebCheckAspect - check success
11:16:20.296 logback [http-nio-8080-exec-7] INFO  c.e.u.redis.impl.RedisServiceImpl - method: existsKey ,key:c45aa31e-320c-4c62-8b37-b20e392cf5cd
11:16:20.494 logback [http-nio-8080-exec-7] INFO  io.lettuce.core.EpollProvider - Starting without optional epoll library
11:16:20.496 logback [http-nio-8080-exec-7] INFO  io.lettuce.core.KqueueProvider - Starting without optional kqueue library
11:16:20.811 logback [http-nio-8080-exec-7] INFO  c.e.u.redis.impl.RedisServiceImpl - method: set,key:bf4fd2a9a80746efac031b5b70a7bf36,value:com.etekcity.userservice.redis.entity.TokenValue@56a4d9de,expireTIme:86400
11:16:20.883 logback [http-nio-8080-exec-7] INFO  c.e.userservice.aop.log.WebLogAspect - ===========================Response===========================
Response Args : {"code":0,"msg":"success","result":{"createAt":"2019-07-04T11:15:34Z","email":"996@0704.com","expiresIn":86400,"token":"bf4fd2a9a80746efac031b5b70a7bf36","updateAt":"2019-07-04T11:15:34Z","userId":"c45aa31e-320c-4c62-8b37-b20e392cf5cd"}}
11:16:20.883 logback [http-nio-8080-exec-7] INFO  c.e.userservice.aop.log.WebLogAspect - Time-Consuming: 599 ms
11:17:38.676 logback [http-nio-8080-exec-5] INFO  c.e.userservice.aop.log.WebLogAspect - ===========================Request===========================
HTTP Method   : POST
URL           : http://localhost:8080/api/v1/user/getUserInfo
11:17:38.677 logback [http-nio-8080-exec-5] INFO  c.e.u.aop.token.WebCheckAspect - check token, read redis
11:17:38.677 logback [http-nio-8080-exec-5] INFO  c.e.u.redis.impl.RedisServiceImpl - method: existsKey ,key:bf4fd2a9a80746efac031b5b70a7bf36
11:17:38.679 logback [http-nio-8080-exec-5] INFO  c.e.u.redis.impl.RedisServiceImpl - method: get,key:bf4fd2a9a80746efac031b5b70a7bf36
11:17:38.741 logback [http-nio-8080-exec-5] INFO  c.e.u.redis.impl.RedisServiceImpl - method: get,key:c45aa31e-320c-4c62-8b37-b20e392cf5cd
11:17:38.750 logback [http-nio-8080-exec-5] INFO  c.e.userservice.aop.log.WebLogAspect - ===========================Response===========================
Response Args : {"code":0,"msg":"success","result":{"createAt":"2019-07-04T11:15:34Z","email":"996@0704.com","updateAt":"2019-07-04T11:15:34Z","userId":"c45aa31e-320c-4c62-8b37-b20e392cf5cd"}}
11:17:38.750 logback [http-nio-8080-exec-5] INFO  c.e.userservice.aop.log.WebLogAspect - Time-Consuming: 74 ms
11:19:05.317 logback [http-nio-8080-exec-10] INFO  c.e.userservice.aop.log.WebLogAspect - ===========================Request===========================
HTTP Method   : POST
URL           : http://localhost:8080/api/v1/user/updateUserInfo
Request Args  : {"nickname":"王思聪","address":"大床房"}
11:19:05.317 logback [http-nio-8080-exec-10] INFO  c.e.u.aop.token.WebCheckAspect - check token, read redis
11:19:05.317 logback [http-nio-8080-exec-10] INFO  c.e.u.redis.impl.RedisServiceImpl - method: existsKey ,key:bf4fd2a9a80746efac031b5b70a7bf36
11:19:05.317 logback [http-nio-8080-exec-10] INFO  c.e.u.redis.impl.RedisServiceImpl - method: get,key:bf4fd2a9a80746efac031b5b70a7bf36
11:19:05.327 logback [http-nio-8080-exec-10] INFO  c.e.u.redis.impl.RedisServiceImpl - method: get,key:c45aa31e-320c-4c62-8b37-b20e392cf5cd
11:19:05.479 logback [http-nio-8080-exec-10] INFO  c.e.userservice.aop.log.WebLogAspect - ===========================Response===========================
Response Args : {"code":0,"msg":"success","result":{}}
11:19:05.479 logback [http-nio-8080-exec-10] INFO  c.e.userservice.aop.log.WebLogAspect - Time-Consuming: 209 ms
11:19:13.124 logback [http-nio-8080-exec-1] INFO  c.e.userservice.aop.log.WebLogAspect - ===========================Request===========================
HTTP Method   : POST
URL           : http://localhost:8080/api/v1/user/getUserInfo
11:19:13.124 logback [http-nio-8080-exec-1] INFO  c.e.u.aop.token.WebCheckAspect - check token, read redis
11:19:13.124 logback [http-nio-8080-exec-1] INFO  c.e.u.redis.impl.RedisServiceImpl - method: existsKey ,key:bf4fd2a9a80746efac031b5b70a7bf36
11:19:13.125 logback [http-nio-8080-exec-1] INFO  c.e.u.redis.impl.RedisServiceImpl - method: get,key:bf4fd2a9a80746efac031b5b70a7bf36
11:19:13.126 logback [http-nio-8080-exec-1] INFO  c.e.u.redis.impl.RedisServiceImpl - method: get,key:c45aa31e-320c-4c62-8b37-b20e392cf5cd
11:19:13.129 logback [http-nio-8080-exec-1] INFO  c.e.userservice.aop.log.WebLogAspect - ===========================Response===========================
Response Args : {"code":0,"msg":"success","result":{"address":"大床房","createAt":"2019-07-04T11:15:34Z","email":"996@0704.com","nickname":"王思聪","updateAt":"2019-07-04T11:19:05Z","userId":"c45aa31e-320c-4c62-8b37-b20e392cf5cd"}}
11:19:13.129 logback [http-nio-8080-exec-1] INFO  c.e.userservice.aop.log.WebLogAspect - Time-Consuming: 5 ms
11:19:43.945 logback [http-nio-8080-exec-4] INFO  c.e.userservice.aop.log.WebLogAspect - ===========================Request===========================
HTTP Method   : POST
URL           : http://localhost:8080/api/v1/user/updateUserInfo
Request Args  : {"nickname":"王aaaaaaaaaaaaaaaaaaaaaaaaaaaaaaaaaaaaaaaaaaaaaaaaaaaaaaaaa思聪"}
11:19:43.945 logback [http-nio-8080-exec-4] INFO  c.e.u.aop.token.WebCheckAspect - check token, read redis
11:19:43.945 logback [http-nio-8080-exec-4] INFO  c.e.u.redis.impl.RedisServiceImpl - method: existsKey ,key:bf4fd2a9a80746efac031b5b70a7bf36
11:19:43.946 logback [http-nio-8080-exec-4] INFO  c.e.u.redis.impl.RedisServiceImpl - method: get,key:bf4fd2a9a80746efac031b5b70a7bf36
11:19:43.948 logback [http-nio-8080-exec-4] INFO  c.e.u.redis.impl.RedisServiceImpl - method: get,key:c45aa31e-320c-4c62-8b37-b20e392cf5cd
11:19:43.949 logback [http-nio-8080-exec-4] INFO  c.e.userservice.aop.log.WebLogAspect - ===========================Response===========================
Response Args : {"code":-20103,"msg":"nickname illegal:昵称不合法","result":{}}
11:19:43.949 logback [http-nio-8080-exec-4] INFO  c.e.userservice.aop.log.WebLogAspect - Time-Consuming: 5 ms
11:20:10.578 logback [http-nio-8080-exec-3] INFO  c.e.userservice.aop.log.WebLogAspect - ===========================Request===========================
HTTP Method   : POST
URL           : http://localhost:8080/api/v1/user/login
11:20:10.578 logback [http-nio-8080-exec-3] INFO  c.e.u.aop.token.WebCheckAspect - email exist in database or not,read database
11:20:10.581 logback [http-nio-8080-exec-3] INFO  c.e.u.aop.token.WebCheckAspect - check success
11:20:10.582 logback [http-nio-8080-exec-3] INFO  c.e.u.redis.impl.RedisServiceImpl - method: existsKey ,key:c45aa31e-320c-4c62-8b37-b20e392cf5cd
11:20:10.584 logback [http-nio-8080-exec-3] INFO  c.e.u.redis.impl.RedisServiceImpl - method: get,key:c45aa31e-320c-4c62-8b37-b20e392cf5cd
11:20:10.585 logback [http-nio-8080-exec-3] INFO  c.e.u.redis.impl.RedisServiceImpl - method: set,key:d2d4540b85d0485b87abe0f8f0e8909c,value:com.etekcity.userservice.redis.entity.TokenValue@358d530d,expireTIme:86400
11:20:10.589 logback [http-nio-8080-exec-3] INFO  c.e.userservice.aop.log.WebLogAspect - ===========================Response===========================
Response Args : {"code":0,"msg":"success","result":{"address":"大床房","createAt":"2019-07-04T11:15:34Z","email":"996@0704.com","expiresIn":86400,"nickname":"王思聪","token":"d2d4540b85d0485b87abe0f8f0e8909c","updateAt":"2019-07-04T11:19:05Z","userId":"c45aa31e-320c-4c62-8b37-b20e392cf5cd"}}
11:20:10.590 logback [http-nio-8080-exec-3] INFO  c.e.userservice.aop.log.WebLogAspect - Time-Consuming: 12 ms
11:20:43.382 logback [http-nio-8080-exec-7] INFO  c.e.userservice.aop.log.WebLogAspect - ===========================Request===========================
HTTP Method   : POST
URL           : http://localhost:8080/api/v1/user/login
11:20:43.382 logback [http-nio-8080-exec-7] INFO  c.e.u.aop.token.WebCheckAspect - email exist in database or not,read database
11:20:43.386 logback [http-nio-8080-exec-7] INFO  c.e.u.aop.token.WebCheckAspect - check success
11:20:43.388 logback [http-nio-8080-exec-7] INFO  c.e.u.redis.impl.RedisServiceImpl - method: existsKey ,key:c45aa31e-320c-4c62-8b37-b20e392cf5cd
11:20:43.389 logback [http-nio-8080-exec-7] INFO  c.e.u.redis.impl.RedisServiceImpl - method: get,key:c45aa31e-320c-4c62-8b37-b20e392cf5cd
11:20:43.390 logback [http-nio-8080-exec-7] INFO  c.e.u.redis.impl.RedisServiceImpl - method: set,key:9fc8bde907ec43b199e9be7a1a3f0317,value:com.etekcity.userservice.redis.entity.TokenValue@5811c20,expireTIme:86400
11:20:43.393 logback [http-nio-8080-exec-7] INFO  c.e.userservice.aop.log.WebLogAspect - ===========================Response===========================
Response Args : {"code":0,"msg":"success","result":{"address":"大床房","createAt":"2019-07-04T11:15:34Z","email":"996@0704.com","expiresIn":86400,"nickname":"王思聪","token":"9fc8bde907ec43b199e9be7a1a3f0317","updateAt":"2019-07-04T11:19:05Z","userId":"c45aa31e-320c-4c62-8b37-b20e392cf5cd"}}
11:20:43.394 logback [http-nio-8080-exec-7] INFO  c.e.userservice.aop.log.WebLogAspect - Time-Consuming: 12 ms
11:20:51.035 logback [http-nio-8080-exec-2] INFO  c.e.userservice.aop.log.WebLogAspect - ===========================Request===========================
HTTP Method   : POST
URL           : http://localhost:8080/api/v1/user/login
11:20:51.035 logback [http-nio-8080-exec-2] INFO  c.e.u.aop.token.WebCheckAspect - email exist in database or not,read database
11:20:51.037 logback [http-nio-8080-exec-2] INFO  c.e.u.aop.token.WebCheckAspect - check success
11:20:51.039 logback [http-nio-8080-exec-2] INFO  c.e.u.redis.impl.RedisServiceImpl - method: existsKey ,key:c45aa31e-320c-4c62-8b37-b20e392cf5cd
11:20:51.040 logback [http-nio-8080-exec-2] INFO  c.e.u.redis.impl.RedisServiceImpl - method: get,key:c45aa31e-320c-4c62-8b37-b20e392cf5cd
11:20:51.041 logback [http-nio-8080-exec-2] INFO  c.e.u.redis.impl.RedisServiceImpl - method: set,key:ac07cecfc087444caeeb458f03931536,value:com.etekcity.userservice.redis.entity.TokenValue@7f10c58f,expireTIme:86400
11:20:51.106 logback [http-nio-8080-exec-2] INFO  c.e.userservice.aop.log.WebLogAspect - ===========================Response===========================
Response Args : {"code":0,"msg":"success","result":{"address":"大床房","createAt":"2019-07-04T11:15:34Z","email":"996@0704.com","expiresIn":86400,"nickname":"王思聪","token":"ac07cecfc087444caeeb458f03931536","updateAt":"2019-07-04T11:19:05Z","userId":"c45aa31e-320c-4c62-8b37-b20e392cf5cd"}}
11:20:51.106 logback [http-nio-8080-exec-2] INFO  c.e.userservice.aop.log.WebLogAspect - Time-Consuming: 71 ms
11:21:00.549 logback [http-nio-8080-exec-6] INFO  c.e.userservice.aop.log.WebLogAspect - ===========================Request===========================
HTTP Method   : POST
URL           : http://localhost:8080/api/v1/user/login
11:21:00.549 logback [http-nio-8080-exec-6] INFO  c.e.u.aop.token.WebCheckAspect - email exist in database or not,read database
11:21:00.552 logback [http-nio-8080-exec-6] INFO  c.e.u.aop.token.WebCheckAspect - check success
11:21:00.554 logback [http-nio-8080-exec-6] INFO  c.e.u.redis.impl.RedisServiceImpl - method: existsKey ,key:c45aa31e-320c-4c62-8b37-b20e392cf5cd
11:21:00.556 logback [http-nio-8080-exec-6] INFO  c.e.u.redis.impl.RedisServiceImpl - method: get,key:c45aa31e-320c-4c62-8b37-b20e392cf5cd
11:21:00.556 logback [http-nio-8080-exec-6] INFO  c.e.u.redis.impl.RedisServiceImpl - method: set,key:4aca5cdcf0e34f02aad67d5bb030484a,value:com.etekcity.userservice.redis.entity.TokenValue@2c0acc28,expireTIme:86400
11:21:00.560 logback [http-nio-8080-exec-6] INFO  c.e.userservice.aop.log.WebLogAspect - ===========================Response===========================
Response Args : {"code":0,"msg":"success","result":{"address":"大床房","createAt":"2019-07-04T11:15:34Z","email":"996@0704.com","expiresIn":86400,"nickname":"王思聪","token":"4aca5cdcf0e34f02aad67d5bb030484a","updateAt":"2019-07-04T11:19:05Z","userId":"c45aa31e-320c-4c62-8b37-b20e392cf5cd"}}
11:21:00.560 logback [http-nio-8080-exec-6] INFO  c.e.userservice.aop.log.WebLogAspect - Time-Consuming: 11 ms
11:21:08.816 logback [http-nio-8080-exec-5] INFO  c.e.userservice.aop.log.WebLogAspect - ===========================Request===========================
HTTP Method   : POST
URL           : http://localhost:8080/api/v1/user/login
11:21:08.816 logback [http-nio-8080-exec-5] INFO  c.e.u.aop.token.WebCheckAspect - email exist in database or not,read database
11:21:08.819 logback [http-nio-8080-exec-5] INFO  c.e.u.aop.token.WebCheckAspect - check success
11:21:08.820 logback [http-nio-8080-exec-5] INFO  c.e.u.redis.impl.RedisServiceImpl - method: existsKey ,key:c45aa31e-320c-4c62-8b37-b20e392cf5cd
11:21:08.821 logback [http-nio-8080-exec-5] INFO  c.e.u.redis.impl.RedisServiceImpl - method: get,key:c45aa31e-320c-4c62-8b37-b20e392cf5cd
11:21:08.822 logback [http-nio-8080-exec-5] INFO  c.e.u.redis.impl.RedisServiceImpl - method: deleteKey ,key:bf4fd2a9a80746efac031b5b70a7bf36
11:21:08.824 logback [http-nio-8080-exec-5] INFO  c.e.u.redis.impl.RedisServiceImpl - method: set,key:977e15014bbb47beb5f3ef9ce1bf0e23,value:com.etekcity.userservice.redis.entity.TokenValue@66b4443d,expireTIme:86400
11:21:08.828 logback [http-nio-8080-exec-5] INFO  c.e.userservice.aop.log.WebLogAspect - ===========================Response===========================
Response Args : {"code":0,"msg":"success","result":{"address":"大床房","createAt":"2019-07-04T11:15:34Z","email":"996@0704.com","expiresIn":86400,"nickname":"王思聪","token":"977e15014bbb47beb5f3ef9ce1bf0e23","updateAt":"2019-07-04T11:19:05Z","userId":"c45aa31e-320c-4c62-8b37-b20e392cf5cd"}}
11:21:08.828 logback [http-nio-8080-exec-5] INFO  c.e.userservice.aop.log.WebLogAspect - Time-Consuming: 12 ms
11:21:28.067 logback [http-nio-8080-exec-8] INFO  c.e.userservice.aop.log.WebLogAspect - ===========================Request===========================
HTTP Method   : POST
URL           : http://localhost:8080/api/v1/user/getUserInfo
11:21:28.068 logback [http-nio-8080-exec-8] INFO  c.e.u.aop.token.WebCheckAspect - check token, read redis
11:21:28.068 logback [http-nio-8080-exec-8] INFO  c.e.u.redis.impl.RedisServiceImpl - method: existsKey ,key:bf4fd2a9a80746efac031b5b70a7bf36
11:21:28.069 logback [http-nio-8080-exec-8] INFO  c.e.userservice.aop.log.WebLogAspect - ===========================Response===========================
Response Args : {"code":-20201,"msg":"token disabled:凭证失效","result":{}}
11:21:28.069 logback [http-nio-8080-exec-8] INFO  c.e.userservice.aop.log.WebLogAspect - Time-Consuming: 2 ms
11:21:58.577 logback [http-nio-8080-exec-9] INFO  c.e.userservice.aop.log.WebLogAspect - ===========================Request===========================
HTTP Method   : POST
URL           : http://localhost:8080/api/v1/user/getUserInfo
11:21:58.578 logback [http-nio-8080-exec-9] INFO  c.e.u.aop.token.WebCheckAspect - check token, read redis
11:21:58.578 logback [http-nio-8080-exec-9] INFO  c.e.u.redis.impl.RedisServiceImpl - method: existsKey ,key:d2d4540b85d0485b87abe0f8f0e8909c
11:21:58.579 logback [http-nio-8080-exec-9] INFO  c.e.u.redis.impl.RedisServiceImpl - method: get,key:d2d4540b85d0485b87abe0f8f0e8909c
11:21:58.580 logback [http-nio-8080-exec-9] INFO  c.e.u.redis.impl.RedisServiceImpl - method: get,key:c45aa31e-320c-4c62-8b37-b20e392cf5cd
11:21:58.584 logback [http-nio-8080-exec-9] INFO  c.e.userservice.aop.log.WebLogAspect - ===========================Response===========================
Response Args : {"code":0,"msg":"success","result":{"address":"大床房","createAt":"2019-07-04T11:15:34Z","email":"996@0704.com","nickname":"王思聪","updateAt":"2019-07-04T11:19:05Z","userId":"c45aa31e-320c-4c62-8b37-b20e392cf5cd"}}
11:21:58.584 logback [http-nio-8080-exec-9] INFO  c.e.userservice.aop.log.WebLogAspect - Time-Consuming: 7 ms
11:23:06.197 logback [http-nio-8080-exec-4] INFO  c.e.userservice.aop.log.WebLogAspect - ===========================Request===========================
HTTP Method   : POST
URL           : http://localhost:8080/api/v1/user/changePassword
Request Args  : {"oldPassword":"20190704996","newPassword":"991242141"}
11:23:06.198 logback [http-nio-8080-exec-4] INFO  c.e.u.aop.token.WebCheckAspect - check token, read redis
11:23:06.198 logback [http-nio-8080-exec-4] INFO  c.e.u.redis.impl.RedisServiceImpl - method: existsKey ,key:d2d4540b85d0485b87abe0f8f0e8909c
11:23:06.199 logback [http-nio-8080-exec-4] INFO  c.e.u.redis.impl.RedisServiceImpl - method: get,key:d2d4540b85d0485b87abe0f8f0e8909c
11:23:06.279 logback [http-nio-8080-exec-4] INFO  c.e.u.redis.impl.RedisServiceImpl - method: get,key:c45aa31e-320c-4c62-8b37-b20e392cf5cd
11:23:06.279 logback [http-nio-8080-exec-4] INFO  c.e.u.redis.impl.RedisServiceImpl - method: deleteKey ,key:d2d4540b85d0485b87abe0f8f0e8909c
11:23:06.279 logback [http-nio-8080-exec-4] INFO  c.e.u.redis.impl.RedisServiceImpl - method: deleteKey ,key:9fc8bde907ec43b199e9be7a1a3f0317
11:23:06.279 logback [http-nio-8080-exec-4] INFO  c.e.u.redis.impl.RedisServiceImpl - method: deleteKey ,key:ac07cecfc087444caeeb458f03931536
11:23:06.279 logback [http-nio-8080-exec-4] INFO  c.e.u.redis.impl.RedisServiceImpl - method: deleteKey ,key:4aca5cdcf0e34f02aad67d5bb030484a
11:23:06.279 logback [http-nio-8080-exec-4] INFO  c.e.u.redis.impl.RedisServiceImpl - method: deleteKey ,key:977e15014bbb47beb5f3ef9ce1bf0e23
11:23:06.279 logback [http-nio-8080-exec-4] INFO  c.e.u.redis.impl.RedisServiceImpl - method: deleteKey ,key:c45aa31e-320c-4c62-8b37-b20e392cf5cd
11:23:06.288 logback [http-nio-8080-exec-4] INFO  c.e.userservice.aop.log.WebLogAspect - ===========================Response===========================
Response Args : {"code":0,"msg":"success","result":{}}
11:23:06.288 logback [http-nio-8080-exec-4] INFO  c.e.userservice.aop.log.WebLogAspect - Time-Consuming: 91 ms
11:23:18.967 logback [http-nio-8080-exec-3] INFO  c.e.userservice.aop.log.WebLogAspect - ===========================Request===========================
HTTP Method   : POST
URL           : http://localhost:8080/api/v1/user/getUserInfo
11:23:18.967 logback [http-nio-8080-exec-3] INFO  c.e.u.aop.token.WebCheckAspect - check token, read redis
11:23:18.967 logback [http-nio-8080-exec-3] INFO  c.e.u.redis.impl.RedisServiceImpl - method: existsKey ,key:d2d4540b85d0485b87abe0f8f0e8909c
11:23:18.968 logback [http-nio-8080-exec-3] INFO  c.e.userservice.aop.log.WebLogAspect - ===========================Response===========================
Response Args : {"code":-20201,"msg":"token disabled:凭证失效","result":{}}
11:23:18.968 logback [http-nio-8080-exec-3] INFO  c.e.userservice.aop.log.WebLogAspect - Time-Consuming: 1 ms
11:23:36.721 logback [http-nio-8080-exec-7] INFO  c.e.userservice.aop.log.WebLogAspect - ===========================Request===========================
HTTP Method   : POST
URL           : http://localhost:8080/api/v1/user/getUserInfo
11:23:36.721 logback [http-nio-8080-exec-7] INFO  c.e.u.aop.token.WebCheckAspect - check token, read redis
11:23:36.722 logback [http-nio-8080-exec-7] INFO  c.e.u.redis.impl.RedisServiceImpl - method: existsKey ,key:4aca5cdcf0e34f02aad67d5bb030484a
11:23:36.723 logback [http-nio-8080-exec-7] INFO  c.e.userservice.aop.log.WebLogAspect - ===========================Response===========================
Response Args : {"code":-20201,"msg":"token disabled:凭证失效","result":{}}
11:23:36.723 logback [http-nio-8080-exec-7] INFO  c.e.userservice.aop.log.WebLogAspect - Time-Consuming: 2 ms
16:13:52.020 logback [main] INFO  c.e.u.UserServiceApplication - Starting UserServiceApplication on XZ-OJA7I2FUAKR7 with PID 8876 (E:\gitproject\forreview\grape-userService\target\classes started by Administrator in E:\gitproject\forreview\grape-userService)
16:13:52.021 logback [main] INFO  c.e.u.UserServiceApplication - No active profile set, falling back to default profiles: default
16:13:52.515 logback [main] INFO  o.s.d.r.c.RepositoryConfigurationDelegate - Multiple Spring Data modules found, entering strict repository configuration mode!
16:13:52.515 logback [main] INFO  o.s.d.r.c.RepositoryConfigurationDelegate - Bootstrapping Spring Data repositories in DEFAULT mode.
16:13:52.533 logback [main] INFO  o.s.d.r.c.RepositoryConfigurationDelegate - Finished Spring Data repository scanning in 14ms. Found 0 repository interfaces.
16:13:52.541 logback [main] INFO  o.s.d.r.c.RepositoryConfigurationDelegate - Multiple Spring Data modules found, entering strict repository configuration mode!
16:13:52.542 logback [main] INFO  o.s.d.r.c.RepositoryConfigurationDelegate - Bootstrapping Spring Data repositories in DEFAULT mode.
16:13:52.553 logback [main] INFO  o.s.d.r.c.RepositoryConfigurationDelegate - Finished Spring Data repository scanning in 5ms. Found 0 repository interfaces.
16:13:52.789 logback [main] INFO  o.s.c.s.PostProcessorRegistrationDelegate$BeanPostProcessorChecker - Bean 'org.springframework.ws.config.annotation.DelegatingWsConfiguration' of type [org.springframework.ws.config.annotation.DelegatingWsConfiguration$$EnhancerBySpringCGLIB$$c2abd3c3] is not eligible for getting processed by all BeanPostProcessors (for example: not eligible for auto-proxying)
16:13:52.814 logback [main] INFO  o.s.w.s.a.s.AnnotationActionEndpointMapping - Supporting [WS-Addressing August 2004, WS-Addressing 1.0]
16:13:52.845 logback [main] INFO  o.s.c.s.PostProcessorRegistrationDelegate$BeanPostProcessorChecker - Bean 'org.springframework.transaction.annotation.ProxyTransactionManagementConfiguration' of type [org.springframework.transaction.annotation.ProxyTransactionManagementConfiguration$$EnhancerBySpringCGLIB$$1e140ec4] is not eligible for getting processed by all BeanPostProcessors (for example: not eligible for auto-proxying)
16:13:52.910 logback [main] INFO  o.s.c.s.PostProcessorRegistrationDelegate$BeanPostProcessorChecker - Bean 'redisConfiguration' of type [com.etekcity.userservice.redis.redisconfig.RedisConfiguration$$EnhancerBySpringCGLIB$$a0967e4d] is not eligible for getting processed by all BeanPostProcessors (for example: not eligible for auto-proxying)
16:13:53.141 logback [main] INFO  o.s.b.w.e.tomcat.TomcatWebServer - Tomcat initialized with port(s): 8080 (http)
16:13:53.150 logback [main] INFO  o.a.coyote.http11.Http11NioProtocol - Initializing ProtocolHandler ["http-nio-8080"]
16:13:53.156 logback [main] INFO  o.a.catalina.core.StandardService - Starting service [Tomcat]
16:13:53.157 logback [main] INFO  o.a.catalina.core.StandardEngine - Starting Servlet engine: [Apache Tomcat/9.0.19]
16:13:53.343 logback [main] INFO  o.a.c.c.C.[Tomcat].[localhost].[/] - Initializing Spring embedded WebApplicationContext
16:13:53.344 logback [main] INFO  o.s.web.context.ContextLoader - Root WebApplicationContext: initialization completed in 1292 ms
16:13:53.651 logback [main] INFO  o.h.jpa.internal.util.LogHelper - HHH000204: Processing PersistenceUnitInfo [
	name: default
	...]
16:13:53.689 logback [main] INFO  org.hibernate.Version - HHH000412: Hibernate Core {5.3.10.Final}
16:13:53.690 logback [main] INFO  org.hibernate.cfg.Environment - HHH000206: hibernate.properties not found
16:13:53.769 logback [main] INFO  o.h.annotations.common.Version - HCANN000001: Hibernate Commons Annotations {5.0.4.Final}
16:13:53.853 logback [main] INFO  com.zaxxer.hikari.HikariDataSource - HikariPool-1 - Starting...
16:13:54.271 logback [main] INFO  com.zaxxer.hikari.HikariDataSource - HikariPool-1 - Start completed.
16:13:54.279 logback [main] INFO  org.hibernate.dialect.Dialect - HHH000400: Using dialect: org.hibernate.dialect.MySQL5Dialect
16:13:54.444 logback [main] INFO  o.s.o.j.LocalContainerEntityManagerFactoryBean - Initialized JPA EntityManagerFactory for persistence unit 'default'
16:13:54.876 logback [main] INFO  o.s.s.c.ThreadPoolTaskExecutor - Initializing ExecutorService 'applicationTaskExecutor'
16:13:54.909 logback [main] WARN  o.s.b.a.o.j.JpaBaseConfiguration$JpaWebConfiguration$JpaWebMvcConfiguration - spring.jpa.open-in-view is enabled by default. Therefore, database queries may be performed during view rendering. Explicitly configure spring.jpa.open-in-view to disable this warning
16:13:54.979 logback [main] WARN  o.s.b.a.t.ThymeleafAutoConfiguration$DefaultTemplateResolverConfiguration - Cannot find template location: classpath:/templates/ (please add some templates or check your Thymeleaf configuration)
16:13:55.512 logback [main] INFO  o.a.coyote.http11.Http11NioProtocol - Starting ProtocolHandler ["http-nio-8080"]
16:13:55.521 logback [main] ERROR o.apache.catalina.util.LifecycleBase - Failed to start component [Connector[HTTP/1.1-8080]]
org.apache.catalina.LifecycleException: Protocol handler start failed
	at org.apache.catalina.connector.Connector.startInternal(Connector.java:1008)
	at org.apache.catalina.util.LifecycleBase.start(LifecycleBase.java:183)
	at org.apache.catalina.core.StandardService.addConnector(StandardService.java:226)
	at org.springframework.boot.web.embedded.tomcat.TomcatWebServer.addPreviouslyRemovedConnectors(TomcatWebServer.java:259)
	at org.springframework.boot.web.embedded.tomcat.TomcatWebServer.start(TomcatWebServer.java:197)
	at org.springframework.boot.web.servlet.context.ServletWebServerApplicationContext.startWebServer(ServletWebServerApplicationContext.java:311)
	at org.springframework.boot.web.servlet.context.ServletWebServerApplicationContext.finishRefresh(ServletWebServerApplicationContext.java:164)
	at org.springframework.context.support.AbstractApplicationContext.refresh(AbstractApplicationContext.java:552)
	at org.springframework.boot.web.servlet.context.ServletWebServerApplicationContext.refresh(ServletWebServerApplicationContext.java:142)
	at org.springframework.boot.SpringApplication.refresh(SpringApplication.java:775)
	at org.springframework.boot.SpringApplication.refreshContext(SpringApplication.java:397)
	at org.springframework.boot.SpringApplication.run(SpringApplication.java:316)
	at org.springframework.boot.SpringApplication.run(SpringApplication.java:1260)
	at org.springframework.boot.SpringApplication.run(SpringApplication.java:1248)
	at com.etekcity.userservice.UserServiceApplication.main(UserServiceApplication.java:18)
Caused by: java.net.BindException: Address already in use: bind
	at sun.nio.ch.Net.bind0(Native Method)
	at sun.nio.ch.Net.bind(Net.java:433)
	at sun.nio.ch.Net.bind(Net.java:425)
	at sun.nio.ch.ServerSocketChannelImpl.bind(ServerSocketChannelImpl.java:223)
	at sun.nio.ch.ServerSocketAdaptor.bind(ServerSocketAdaptor.java:74)
	at org.apache.tomcat.util.net.NioEndpoint.initServerSocket(NioEndpoint.java:239)
	at org.apache.tomcat.util.net.NioEndpoint.bind(NioEndpoint.java:213)
	at org.apache.tomcat.util.net.AbstractEndpoint.bindWithCleanup(AbstractEndpoint.java:1116)
	at org.apache.tomcat.util.net.AbstractEndpoint.start(AbstractEndpoint.java:1202)
	at org.apache.coyote.AbstractProtocol.start(AbstractProtocol.java:568)
	at org.apache.catalina.connector.Connector.startInternal(Connector.java:1005)
	... 14 common frames omitted
16:13:55.525 logback [main] INFO  o.a.coyote.http11.Http11NioProtocol - Pausing ProtocolHandler ["http-nio-8080"]
16:13:55.525 logback [main] INFO  o.a.catalina.core.StandardService - Stopping service [Tomcat]
16:13:55.549 logback [main] INFO  o.apache.catalina.util.LifecycleBase - The stop() method was called on component [StandardServer[-1]] after stop() had already been called. The second call will be ignored.
16:13:55.549 logback [main] INFO  o.a.coyote.http11.Http11NioProtocol - Stopping ProtocolHandler ["http-nio-8080"]
16:13:55.549 logback [main] INFO  o.a.coyote.http11.Http11NioProtocol - Destroying ProtocolHandler ["http-nio-8080"]
16:13:55.558 logback [main] INFO  o.s.b.a.l.ConditionEvaluationReportLoggingListener - 

Error starting ApplicationContext. To display the conditions report re-run your application with 'debug' enabled.
16:13:55.563 logback [main] ERROR o.s.b.d.LoggingFailureAnalysisReporter - 

***************************
APPLICATION FAILED TO START
***************************

Description:

The Tomcat connector configured to listen on port 8080 failed to start. The port may already be in use or the connector may be misconfigured.

Action:

Verify the connector's configuration, identify and stop any process that's listening on port 8080, or configure this application to listen on another port.

16:13:55.595 logback [main] INFO  o.s.s.c.ThreadPoolTaskExecutor - Shutting down ExecutorService 'applicationTaskExecutor'
16:13:55.595 logback [main] INFO  o.s.o.j.LocalContainerEntityManagerFactoryBean - Closing JPA EntityManagerFactory for persistence unit 'default'
16:13:55.597 logback [main] INFO  com.zaxxer.hikari.HikariDataSource - HikariPool-1 - Shutdown initiated...
16:13:55.600 logback [main] INFO  com.zaxxer.hikari.HikariDataSource - HikariPool-1 - Shutdown completed.
16:14:26.664 logback [main] INFO  c.e.u.UserServiceApplication - Starting UserServiceApplication on XZ-OJA7I2FUAKR7 with PID 19604 (E:\gitproject\forreview\grape-userService\target\classes started by Administrator in E:\gitproject\forreview\grape-userService)
16:14:26.666 logback [main] INFO  c.e.u.UserServiceApplication - No active profile set, falling back to default profiles: default
16:14:27.244 logback [main] INFO  o.s.d.r.c.RepositoryConfigurationDelegate - Multiple Spring Data modules found, entering strict repository configuration mode!
16:14:27.244 logback [main] INFO  o.s.d.r.c.RepositoryConfigurationDelegate - Bootstrapping Spring Data repositories in DEFAULT mode.
16:14:27.262 logback [main] INFO  o.s.d.r.c.RepositoryConfigurationDelegate - Finished Spring Data repository scanning in 12ms. Found 0 repository interfaces.
16:14:27.269 logback [main] INFO  o.s.d.r.c.RepositoryConfigurationDelegate - Multiple Spring Data modules found, entering strict repository configuration mode!
16:14:27.270 logback [main] INFO  o.s.d.r.c.RepositoryConfigurationDelegate - Bootstrapping Spring Data repositories in DEFAULT mode.
16:14:27.280 logback [main] INFO  o.s.d.r.c.RepositoryConfigurationDelegate - Finished Spring Data repository scanning in 5ms. Found 0 repository interfaces.
16:14:27.513 logback [main] INFO  o.s.c.s.PostProcessorRegistrationDelegate$BeanPostProcessorChecker - Bean 'org.springframework.ws.config.annotation.DelegatingWsConfiguration' of type [org.springframework.ws.config.annotation.DelegatingWsConfiguration$$EnhancerBySpringCGLIB$$65e8a436] is not eligible for getting processed by all BeanPostProcessors (for example: not eligible for auto-proxying)
16:14:27.535 logback [main] INFO  o.s.w.s.a.s.AnnotationActionEndpointMapping - Supporting [WS-Addressing August 2004, WS-Addressing 1.0]
16:14:27.566 logback [main] INFO  o.s.c.s.PostProcessorRegistrationDelegate$BeanPostProcessorChecker - Bean 'org.springframework.transaction.annotation.ProxyTransactionManagementConfiguration' of type [org.springframework.transaction.annotation.ProxyTransactionManagementConfiguration$$EnhancerBySpringCGLIB$$c150df37] is not eligible for getting processed by all BeanPostProcessors (for example: not eligible for auto-proxying)
16:14:27.631 logback [main] INFO  o.s.c.s.PostProcessorRegistrationDelegate$BeanPostProcessorChecker - Bean 'redisConfiguration' of type [com.etekcity.userservice.redis.redisconfig.RedisConfiguration$$EnhancerBySpringCGLIB$$43d34ec0] is not eligible for getting processed by all BeanPostProcessors (for example: not eligible for auto-proxying)
16:14:27.855 logback [main] INFO  o.s.b.w.e.tomcat.TomcatWebServer - Tomcat initialized with port(s): 8080 (http)
16:14:27.864 logback [main] INFO  o.a.coyote.http11.Http11NioProtocol - Initializing ProtocolHandler ["http-nio-8080"]
16:14:27.870 logback [main] INFO  o.a.catalina.core.StandardService - Starting service [Tomcat]
16:14:27.870 logback [main] INFO  o.a.catalina.core.StandardEngine - Starting Servlet engine: [Apache Tomcat/9.0.19]
16:14:28.050 logback [main] INFO  o.a.c.c.C.[Tomcat].[localhost].[/] - Initializing Spring embedded WebApplicationContext
16:14:28.050 logback [main] INFO  o.s.web.context.ContextLoader - Root WebApplicationContext: initialization completed in 1343 ms
16:14:28.337 logback [main] INFO  o.h.jpa.internal.util.LogHelper - HHH000204: Processing PersistenceUnitInfo [
	name: default
	...]
16:14:28.375 logback [main] INFO  org.hibernate.Version - HHH000412: Hibernate Core {5.3.10.Final}
16:14:28.376 logback [main] INFO  org.hibernate.cfg.Environment - HHH000206: hibernate.properties not found
16:14:28.455 logback [main] INFO  o.h.annotations.common.Version - HCANN000001: Hibernate Commons Annotations {5.0.4.Final}
16:14:28.536 logback [main] INFO  com.zaxxer.hikari.HikariDataSource - HikariPool-1 - Starting...
16:14:28.937 logback [main] INFO  com.zaxxer.hikari.HikariDataSource - HikariPool-1 - Start completed.
16:14:28.944 logback [main] INFO  org.hibernate.dialect.Dialect - HHH000400: Using dialect: org.hibernate.dialect.MySQL5Dialect
16:14:29.089 logback [main] INFO  o.s.o.j.LocalContainerEntityManagerFactoryBean - Initialized JPA EntityManagerFactory for persistence unit 'default'
16:14:29.511 logback [main] INFO  o.s.s.c.ThreadPoolTaskExecutor - Initializing ExecutorService 'applicationTaskExecutor'
16:14:29.543 logback [main] WARN  o.s.b.a.o.j.JpaBaseConfiguration$JpaWebConfiguration$JpaWebMvcConfiguration - spring.jpa.open-in-view is enabled by default. Therefore, database queries may be performed during view rendering. Explicitly configure spring.jpa.open-in-view to disable this warning
16:14:29.612 logback [main] WARN  o.s.b.a.t.ThymeleafAutoConfiguration$DefaultTemplateResolverConfiguration - Cannot find template location: classpath:/templates/ (please add some templates or check your Thymeleaf configuration)
16:14:30.141 logback [main] INFO  o.a.coyote.http11.Http11NioProtocol - Starting ProtocolHandler ["http-nio-8080"]
16:14:30.159 logback [main] INFO  o.s.b.w.e.tomcat.TomcatWebServer - Tomcat started on port(s): 8080 (http) with context path ''
16:14:30.161 logback [main] INFO  c.e.u.UserServiceApplication - Started UserServiceApplication in 3.846 seconds (JVM running for 4.653)
16:14:41.848 logback [http-nio-8080-exec-1] INFO  o.a.c.c.C.[Tomcat].[localhost].[/] - Initializing Spring DispatcherServlet 'dispatcherServlet'
16:14:41.848 logback [http-nio-8080-exec-1] INFO  o.s.web.servlet.DispatcherServlet - Initializing Servlet 'dispatcherServlet'
16:14:41.854 logback [http-nio-8080-exec-1] INFO  o.s.web.servlet.DispatcherServlet - Completed initialization in 6 ms
16:14:42.040 logback [http-nio-8080-exec-1] INFO  c.e.userservice.aop.log.WebLogAspect - ===========================Request===========================
HTTP Method   : POST
URL           : http://localhost:8080/api/v1/user/getUserInfo
16:14:42.044 logback [http-nio-8080-exec-1] INFO  c.e.u.redis.impl.RedisServiceImpl - method: existsKey ,key:4aca5cdcf0e34f02aad67d5bb030484a
16:14:42.113 logback [http-nio-8080-exec-1] INFO  io.lettuce.core.EpollProvider - Starting without optional epoll library
16:14:42.115 logback [http-nio-8080-exec-1] INFO  io.lettuce.core.KqueueProvider - Starting without optional kqueue library
16:14:42.413 logback [http-nio-8080-exec-1] INFO  c.e.userservice.aop.log.WebLogAspect - ===========================Response===========================
Response Args : {"code":-20201,"msg":"token disabled:凭证失效","result":{}}
16:14:42.413 logback [http-nio-8080-exec-1] INFO  c.e.userservice.aop.log.WebLogAspect - Time-Consuming: 373 ms
16:15:41.468 logback [http-nio-8080-exec-5] WARN  o.s.w.s.m.s.DefaultHandlerExceptionResolver - Resolved [org.springframework.http.converter.HttpMessageNotReadableException: Required request body is missing: public com.etekcity.userservice.response.rsp.Response com.etekcity.userservice.controller.UserController.registerControl(javax.servlet.http.HttpServletRequest,com.etekcity.userservice.request.RegisterBody)]
16:17:12.037 logback [http-nio-8080-exec-4] ERROR o.a.c.c.C.[.[.[.[dispatcherServlet] - Servlet.service() for servlet [dispatcherServlet] in context with path [] threw exception [Handler dispatch failed; nested exception is java.lang.OutOfMemoryError: Java heap space] with root cause
java.lang.OutOfMemoryError: Java heap space
	at java.util.Arrays.copyOf(Arrays.java:3332)
	at java.lang.AbstractStringBuilder.ensureCapacityInternal(AbstractStringBuilder.java:124)
	at java.lang.AbstractStringBuilder.append(AbstractStringBuilder.java:448)
	at java.lang.StringBuffer.append(StringBuffer.java:270)
	at java.io.StringWriter.write(StringWriter.java:101)
	at java.io.StringWriter.append(StringWriter.java:143)
	at java.io.StringWriter.append(StringWriter.java:41)
	at com.google.gson.stream.JsonWriter.value(JsonWriter.java:534)
	at com.google.gson.internal.bind.TypeAdapters$5.write(TypeAdapters.java:189)
	at com.google.gson.internal.bind.TypeAdapters$5.write(TypeAdapters.java:173)
	at com.google.gson.internal.bind.TypeAdapterRuntimeTypeWrapper.write(TypeAdapterRuntimeTypeWrapper.java:69)
	at com.google.gson.internal.bind.ArrayTypeAdapter.write(ArrayTypeAdapter.java:95)
	at com.google.gson.internal.bind.TypeAdapterRuntimeTypeWrapper.write(TypeAdapterRuntimeTypeWrapper.java:69)
	at com.google.gson.internal.bind.ReflectiveTypeAdapterFactory$1.write(ReflectiveTypeAdapterFactory.java:127)
	at com.google.gson.internal.bind.ReflectiveTypeAdapterFactory$Adapter.write(ReflectiveTypeAdapterFactory.java:245)
	at com.google.gson.internal.bind.TypeAdapterRuntimeTypeWrapper.write(TypeAdapterRuntimeTypeWrapper.java:69)
	at com.google.gson.internal.bind.ReflectiveTypeAdapterFactory$1.write(ReflectiveTypeAdapterFactory.java:127)
	at com.google.gson.internal.bind.ReflectiveTypeAdapterFactory$Adapter.write(ReflectiveTypeAdapterFactory.java:245)
	at com.google.gson.internal.bind.TypeAdapterRuntimeTypeWrapper.write(TypeAdapterRuntimeTypeWrapper.java:69)
	at com.google.gson.internal.bind.ReflectiveTypeAdapterFactory$1.write(ReflectiveTypeAdapterFactory.java:127)
	at com.google.gson.internal.bind.ReflectiveTypeAdapterFactory$Adapter.write(ReflectiveTypeAdapterFactory.java:245)
	at com.google.gson.internal.bind.TypeAdapterRuntimeTypeWrapper.write(TypeAdapterRuntimeTypeWrapper.java:69)
	at com.google.gson.internal.bind.ArrayTypeAdapter.write(ArrayTypeAdapter.java:95)
	at com.google.gson.internal.bind.TypeAdapterRuntimeTypeWrapper.write(TypeAdapterRuntimeTypeWrapper.java:69)
	at com.google.gson.internal.bind.ReflectiveTypeAdapterFactory$1.write(ReflectiveTypeAdapterFactory.java:127)
	at com.google.gson.internal.bind.ReflectiveTypeAdapterFactory$Adapter.write(ReflectiveTypeAdapterFactory.java:245)
	at com.google.gson.internal.bind.TypeAdapterRuntimeTypeWrapper.write(TypeAdapterRuntimeTypeWrapper.java:69)
	at com.google.gson.internal.bind.ReflectiveTypeAdapterFactory$1.write(ReflectiveTypeAdapterFactory.java:127)
	at com.google.gson.internal.bind.ReflectiveTypeAdapterFactory$Adapter.write(ReflectiveTypeAdapterFactory.java:245)
	at com.google.gson.internal.bind.TypeAdapterRuntimeTypeWrapper.write(TypeAdapterRuntimeTypeWrapper.java:69)
	at com.google.gson.internal.bind.ReflectiveTypeAdapterFactory$1.write(ReflectiveTypeAdapterFactory.java:127)
	at com.google.gson.internal.bind.ReflectiveTypeAdapterFactory$Adapter.write(ReflectiveTypeAdapterFactory.java:245)
16:19:23.025 logback [http-nio-8080-exec-7] INFO  c.e.userservice.aop.log.WebLogAspect - ===========================Request===========================
HTTP Method   : POST
URL           : http://localhost:8080/api/v1/user/changePassword
Request Args  : {"oldPassword":"996at0704@etekcity.com","newPassword":"tttttttttttt"}
16:19:23.028 logback [http-nio-8080-exec-7] INFO  c.e.userservice.aop.log.WebLogAspect - ===========================Response===========================
Response Args : {"code":-20105,"msg":"oldpassword illegal:老密码不合法","result":{}}
16:19:23.028 logback [http-nio-8080-exec-7] INFO  c.e.userservice.aop.log.WebLogAspect - Time-Consuming: 3 ms
16:20:41.341 logback [http-nio-8080-exec-8] ERROR o.a.c.c.C.[.[.[.[dispatcherServlet] - Servlet.service() for servlet [dispatcherServlet] in context with path [] threw exception [Handler dispatch failed; nested exception is java.lang.OutOfMemoryError: Java heap space] with root cause
java.lang.OutOfMemoryError: Java heap space
	at java.util.Arrays.copyOf(Arrays.java:3332)
	at java.lang.AbstractStringBuilder.ensureCapacityInternal(AbstractStringBuilder.java:124)
	at java.lang.AbstractStringBuilder.append(AbstractStringBuilder.java:649)
	at java.lang.StringBuffer.append(StringBuffer.java:381)
	at java.io.StringWriter.write(StringWriter.java:77)
	at java.io.StringWriter.append(StringWriter.java:202)
	at java.io.StringWriter.append(StringWriter.java:41)
	at com.google.gson.stream.JsonWriter.beforeValue(JsonWriter.java:646)
	at com.google.gson.stream.JsonWriter.value(JsonWriter.java:533)
	at com.google.gson.internal.bind.TypeAdapters$5.write(TypeAdapters.java:189)
	at com.google.gson.internal.bind.TypeAdapters$5.write(TypeAdapters.java:173)
	at com.google.gson.internal.bind.TypeAdapterRuntimeTypeWrapper.write(TypeAdapterRuntimeTypeWrapper.java:69)
	at com.google.gson.internal.bind.ArrayTypeAdapter.write(ArrayTypeAdapter.java:95)
	at com.google.gson.internal.bind.TypeAdapterRuntimeTypeWrapper.write(TypeAdapterRuntimeTypeWrapper.java:69)
	at com.google.gson.internal.bind.ReflectiveTypeAdapterFactory$1.write(ReflectiveTypeAdapterFactory.java:127)
	at com.google.gson.internal.bind.ReflectiveTypeAdapterFactory$Adapter.write(ReflectiveTypeAdapterFactory.java:245)
	at com.google.gson.internal.bind.TypeAdapterRuntimeTypeWrapper.write(TypeAdapterRuntimeTypeWrapper.java:69)
	at com.google.gson.internal.bind.ReflectiveTypeAdapterFactory$1.write(ReflectiveTypeAdapterFactory.java:127)
	at com.google.gson.internal.bind.ReflectiveTypeAdapterFactory$Adapter.write(ReflectiveTypeAdapterFactory.java:245)
	at com.google.gson.internal.bind.TypeAdapterRuntimeTypeWrapper.write(TypeAdapterRuntimeTypeWrapper.java:69)
	at com.google.gson.internal.bind.ReflectiveTypeAdapterFactory$1.write(ReflectiveTypeAdapterFactory.java:127)
	at com.google.gson.internal.bind.ReflectiveTypeAdapterFactory$Adapter.write(ReflectiveTypeAdapterFactory.java:245)
	at com.google.gson.internal.bind.TypeAdapterRuntimeTypeWrapper.write(TypeAdapterRuntimeTypeWrapper.java:69)
	at com.google.gson.internal.bind.ArrayTypeAdapter.write(ArrayTypeAdapter.java:95)
	at com.google.gson.internal.bind.TypeAdapterRuntimeTypeWrapper.write(TypeAdapterRuntimeTypeWrapper.java:69)
	at com.google.gson.internal.bind.ReflectiveTypeAdapterFactory$1.write(ReflectiveTypeAdapterFactory.java:127)
	at com.google.gson.internal.bind.ReflectiveTypeAdapterFactory$Adapter.write(ReflectiveTypeAdapterFactory.java:245)
	at com.google.gson.internal.bind.TypeAdapterRuntimeTypeWrapper.write(TypeAdapterRuntimeTypeWrapper.java:69)
	at com.google.gson.internal.bind.ReflectiveTypeAdapterFactory$1.write(ReflectiveTypeAdapterFactory.java:127)
	at com.google.gson.internal.bind.ReflectiveTypeAdapterFactory$Adapter.write(ReflectiveTypeAdapterFactory.java:245)
	at com.google.gson.internal.bind.TypeAdapterRuntimeTypeWrapper.write(TypeAdapterRuntimeTypeWrapper.java:69)
	at com.google.gson.internal.bind.ReflectiveTypeAdapterFactory$1.write(ReflectiveTypeAdapterFactory.java:127)
16:32:12.816 logback [http-nio-8080-exec-10] ERROR o.a.c.c.C.[.[.[.[dispatcherServlet] - Servlet.service() for servlet [dispatcherServlet] in context with path [] threw exception [Handler dispatch failed; nested exception is java.lang.OutOfMemoryError: Java heap space] with root cause
java.lang.OutOfMemoryError: Java heap space
16:33:00.753 logback [main] INFO  c.e.u.UserServiceApplication - Starting UserServiceApplication on XZ-OJA7I2FUAKR7 with PID 17092 (E:\gitproject\forreview\grape-userService\target\classes started by Administrator in E:\gitproject\forreview\grape-userService)
16:33:00.756 logback [main] INFO  c.e.u.UserServiceApplication - No active profile set, falling back to default profiles: default
16:33:01.328 logback [main] INFO  o.s.d.r.c.RepositoryConfigurationDelegate - Multiple Spring Data modules found, entering strict repository configuration mode!
16:33:01.328 logback [main] INFO  o.s.d.r.c.RepositoryConfigurationDelegate - Bootstrapping Spring Data repositories in DEFAULT mode.
16:33:01.349 logback [main] INFO  o.s.d.r.c.RepositoryConfigurationDelegate - Finished Spring Data repository scanning in 15ms. Found 0 repository interfaces.
16:33:01.358 logback [main] INFO  o.s.d.r.c.RepositoryConfigurationDelegate - Multiple Spring Data modules found, entering strict repository configuration mode!
16:33:01.359 logback [main] INFO  o.s.d.r.c.RepositoryConfigurationDelegate - Bootstrapping Spring Data repositories in DEFAULT mode.
16:33:01.371 logback [main] INFO  o.s.d.r.c.RepositoryConfigurationDelegate - Finished Spring Data repository scanning in 6ms. Found 0 repository interfaces.
16:33:01.648 logback [main] INFO  o.s.c.s.PostProcessorRegistrationDelegate$BeanPostProcessorChecker - Bean 'org.springframework.ws.config.annotation.DelegatingWsConfiguration' of type [org.springframework.ws.config.annotation.DelegatingWsConfiguration$$EnhancerBySpringCGLIB$$bedd9b37] is not eligible for getting processed by all BeanPostProcessors (for example: not eligible for auto-proxying)
16:33:01.673 logback [main] INFO  o.s.w.s.a.s.AnnotationActionEndpointMapping - Supporting [WS-Addressing August 2004, WS-Addressing 1.0]
16:33:01.801 logback [main] INFO  o.s.c.s.PostProcessorRegistrationDelegate$BeanPostProcessorChecker - Bean 'org.springframework.transaction.annotation.ProxyTransactionManagementConfiguration' of type [org.springframework.transaction.annotation.ProxyTransactionManagementConfiguration$$EnhancerBySpringCGLIB$$1a45d638] is not eligible for getting processed by all BeanPostProcessors (for example: not eligible for auto-proxying)
16:33:01.877 logback [main] WARN  o.s.b.w.s.c.AnnotationConfigServletWebServerApplicationContext - Exception encountered during context initialization - cancelling refresh attempt: org.springframework.beans.factory.BeanCreationException: Error creating bean with name 'projectingArgumentResolverBeanPostProcessor' defined in class path resource [org/springframework/data/web/config/ProjectingArgumentResolverRegistrar.class]: BeanPostProcessor before instantiation of bean failed; nested exception is org.springframework.beans.factory.BeanCreationException: Error creating bean with name 'org.springframework.cache.annotation.ProxyCachingConfiguration': BeanPostProcessor before instantiation of bean failed; nested exception is org.springframework.beans.factory.BeanCreationException: Error creating bean with name 'org.springframework.transaction.annotation.ProxyTransactionManagementConfiguration': Initialization of bean failed; nested exception is java.lang.IllegalArgumentException: error at ::0 can't find referenced pointcut webCkeck
16:33:01.884 logback [main] INFO  o.s.b.a.l.ConditionEvaluationReportLoggingListener - 

Error starting ApplicationContext. To display the conditions report re-run your application with 'debug' enabled.
16:33:01.903 logback [main] ERROR o.s.boot.SpringApplication - Application run failed
org.springframework.beans.factory.BeanCreationException: Error creating bean with name 'projectingArgumentResolverBeanPostProcessor' defined in class path resource [org/springframework/data/web/config/ProjectingArgumentResolverRegistrar.class]: BeanPostProcessor before instantiation of bean failed; nested exception is org.springframework.beans.factory.BeanCreationException: Error creating bean with name 'org.springframework.cache.annotation.ProxyCachingConfiguration': BeanPostProcessor before instantiation of bean failed; nested exception is org.springframework.beans.factory.BeanCreationException: Error creating bean with name 'org.springframework.transaction.annotation.ProxyTransactionManagementConfiguration': Initialization of bean failed; nested exception is java.lang.IllegalArgumentException: error at ::0 can't find referenced pointcut webCkeck
	at org.springframework.beans.factory.support.AbstractAutowireCapableBeanFactory.createBean(AbstractAutowireCapableBeanFactory.java:510)
	at org.springframework.beans.factory.support.AbstractBeanFactory.lambda$doGetBean$0(AbstractBeanFactory.java:320)
	at org.springframework.beans.factory.support.DefaultSingletonBeanRegistry.getSingleton(DefaultSingletonBeanRegistry.java:222)
	at org.springframework.beans.factory.support.AbstractBeanFactory.doGetBean(AbstractBeanFactory.java:318)
	at org.springframework.beans.factory.support.AbstractBeanFactory.getBean(AbstractBeanFactory.java:204)
	at org.springframework.context.support.PostProcessorRegistrationDelegate.registerBeanPostProcessors(PostProcessorRegistrationDelegate.java:240)
	at org.springframework.context.support.AbstractApplicationContext.registerBeanPostProcessors(AbstractApplicationContext.java:721)
	at org.springframework.context.support.AbstractApplicationContext.refresh(AbstractApplicationContext.java:534)
	at org.springframework.boot.web.servlet.context.ServletWebServerApplicationContext.refresh(ServletWebServerApplicationContext.java:142)
	at org.springframework.boot.SpringApplication.refresh(SpringApplication.java:775)
	at org.springframework.boot.SpringApplication.refreshContext(SpringApplication.java:397)
	at org.springframework.boot.SpringApplication.run(SpringApplication.java:316)
	at org.springframework.boot.SpringApplication.run(SpringApplication.java:1260)
	at org.springframework.boot.SpringApplication.run(SpringApplication.java:1248)
	at com.etekcity.userservice.UserServiceApplication.main(UserServiceApplication.java:18)
Caused by: org.springframework.beans.factory.BeanCreationException: Error creating bean with name 'org.springframework.cache.annotation.ProxyCachingConfiguration': BeanPostProcessor before instantiation of bean failed; nested exception is org.springframework.beans.factory.BeanCreationException: Error creating bean with name 'org.springframework.transaction.annotation.ProxyTransactionManagementConfiguration': Initialization of bean failed; nested exception is java.lang.IllegalArgumentException: error at ::0 can't find referenced pointcut webCkeck
	at org.springframework.beans.factory.support.AbstractAutowireCapableBeanFactory.createBean(AbstractAutowireCapableBeanFactory.java:510)
	at org.springframework.beans.factory.support.AbstractBeanFactory.lambda$doGetBean$0(AbstractBeanFactory.java:320)
	at org.springframework.beans.factory.support.DefaultSingletonBeanRegistry.getSingleton(DefaultSingletonBeanRegistry.java:222)
	at org.springframework.beans.factory.support.AbstractBeanFactory.doGetBean(AbstractBeanFactory.java:318)
	at org.springframework.beans.factory.support.AbstractBeanFactory.getBean(AbstractBeanFactory.java:199)
	at org.springframework.beans.factory.support.ConstructorResolver.instantiateUsingFactoryMethod(ConstructorResolver.java:392)
	at org.springframework.beans.factory.support.AbstractAutowireCapableBeanFactory.instantiateUsingFactoryMethod(AbstractAutowireCapableBeanFactory.java:1321)
	at org.springframework.beans.factory.support.AbstractAutowireCapableBeanFactory.createBeanInstance(AbstractAutowireCapableBeanFactory.java:1160)
	at org.springframework.beans.factory.support.AbstractAutowireCapableBeanFactory.doCreateBean(AbstractAutowireCapableBeanFactory.java:555)
	at org.springframework.beans.factory.support.AbstractAutowireCapableBeanFactory.createBean(AbstractAutowireCapableBeanFactory.java:515)
	at org.springframework.beans.factory.support.AbstractBeanFactory.lambda$doGetBean$0(AbstractBeanFactory.java:320)
	at org.springframework.beans.factory.support.DefaultSingletonBeanRegistry.getSingleton(DefaultSingletonBeanRegistry.java:222)
	at org.springframework.beans.factory.support.AbstractBeanFactory.doGetBean(AbstractBeanFactory.java:318)
	at org.springframework.beans.factory.support.AbstractBeanFactory.getBean(AbstractBeanFactory.java:204)
	at org.springframework.aop.framework.autoproxy.BeanFactoryAdvisorRetrievalHelper.findAdvisorBeans(BeanFactoryAdvisorRetrievalHelper.java:91)
	at org.springframework.aop.framework.autoproxy.AbstractAdvisorAutoProxyCreator.findCandidateAdvisors(AbstractAdvisorAutoProxyCreator.java:109)
	at org.springframework.aop.aspectj.annotation.AnnotationAwareAspectJAutoProxyCreator.findCandidateAdvisors(AnnotationAwareAspectJAutoProxyCreator.java:92)
	at org.springframework.aop.aspectj.autoproxy.AspectJAwareAdvisorAutoProxyCreator.shouldSkip(AspectJAwareAdvisorAutoProxyCreator.java:101)
	at org.springframework.aop.framework.autoproxy.AbstractAutoProxyCreator.postProcessBeforeInstantiation(AbstractAutoProxyCreator.java:251)
	at org.springframework.beans.factory.support.AbstractAutowireCapableBeanFactory.applyBeanPostProcessorsBeforeInstantiation(AbstractAutowireCapableBeanFactory.java:1124)
	at org.springframework.beans.factory.support.AbstractAutowireCapableBeanFactory.resolveBeforeInstantiation(AbstractAutowireCapableBeanFactory.java:1097)
	at org.springframework.beans.factory.support.AbstractAutowireCapableBeanFactory.createBean(AbstractAutowireCapableBeanFactory.java:504)
	... 14 common frames omitted
Caused by: org.springframework.beans.factory.BeanCreationException: Error creating bean with name 'org.springframework.transaction.annotation.ProxyTransactionManagementConfiguration': Initialization of bean failed; nested exception is java.lang.IllegalArgumentException: error at ::0 can't find referenced pointcut webCkeck
	at org.springframework.beans.factory.support.AbstractAutowireCapableBeanFactory.doCreateBean(AbstractAutowireCapableBeanFactory.java:601)
	at org.springframework.beans.factory.support.AbstractAutowireCapableBeanFactory.createBean(AbstractAutowireCapableBeanFactory.java:515)
	at org.springframework.beans.factory.support.AbstractBeanFactory.lambda$doGetBean$0(AbstractBeanFactory.java:320)
	at org.springframework.beans.factory.support.DefaultSingletonBeanRegistry.getSingleton(DefaultSingletonBeanRegistry.java:222)
	at org.springframework.beans.factory.support.AbstractBeanFactory.doGetBean(AbstractBeanFactory.java:318)
	at org.springframework.beans.factory.support.AbstractBeanFactory.getBean(AbstractBeanFactory.java:199)
	at org.springframework.beans.factory.support.ConstructorResolver.instantiateUsingFactoryMethod(ConstructorResolver.java:392)
	at org.springframework.beans.factory.support.AbstractAutowireCapableBeanFactory.instantiateUsingFactoryMethod(AbstractAutowireCapableBeanFactory.java:1321)
	at org.springframework.beans.factory.support.AbstractAutowireCapableBeanFactory.createBeanInstance(AbstractAutowireCapableBeanFactory.java:1160)
	at org.springframework.beans.factory.support.AbstractAutowireCapableBeanFactory.doCreateBean(AbstractAutowireCapableBeanFactory.java:555)
	at org.springframework.beans.factory.support.AbstractAutowireCapableBeanFactory.createBean(AbstractAutowireCapableBeanFactory.java:515)
	at org.springframework.beans.factory.support.AbstractBeanFactory.lambda$doGetBean$0(AbstractBeanFactory.java:320)
	at org.springframework.beans.factory.support.DefaultSingletonBeanRegistry.getSingleton(DefaultSingletonBeanRegistry.java:222)
	at org.springframework.beans.factory.support.AbstractBeanFactory.doGetBean(AbstractBeanFactory.java:318)
	at org.springframework.beans.factory.support.AbstractBeanFactory.getBean(AbstractBeanFactory.java:204)
	at org.springframework.aop.framework.autoproxy.BeanFactoryAdvisorRetrievalHelper.findAdvisorBeans(BeanFactoryAdvisorRetrievalHelper.java:91)
	at org.springframework.aop.framework.autoproxy.AbstractAdvisorAutoProxyCreator.findCandidateAdvisors(AbstractAdvisorAutoProxyCreator.java:109)
	at org.springframework.aop.aspectj.annotation.AnnotationAwareAspectJAutoProxyCreator.findCandidateAdvisors(AnnotationAwareAspectJAutoProxyCreator.java:92)
	at org.springframework.aop.aspectj.autoproxy.AspectJAwareAdvisorAutoProxyCreator.shouldSkip(AspectJAwareAdvisorAutoProxyCreator.java:101)
	at org.springframework.aop.framework.autoproxy.AbstractAutoProxyCreator.postProcessBeforeInstantiation(AbstractAutoProxyCreator.java:251)
	at org.springframework.beans.factory.support.AbstractAutowireCapableBeanFactory.applyBeanPostProcessorsBeforeInstantiation(AbstractAutowireCapableBeanFactory.java:1124)
	at org.springframework.beans.factory.support.AbstractAutowireCapableBeanFactory.resolveBeforeInstantiation(AbstractAutowireCapableBeanFactory.java:1097)
	at org.springframework.beans.factory.support.AbstractAutowireCapableBeanFactory.createBean(AbstractAutowireCapableBeanFactory.java:504)
	... 35 common frames omitted
Caused by: java.lang.IllegalArgumentException: error at ::0 can't find referenced pointcut webCkeck
	at org.aspectj.weaver.tools.PointcutParser.parsePointcutExpression(PointcutParser.java:319)
	at org.springframework.aop.aspectj.AspectJExpressionPointcut.buildPointcutExpression(AspectJExpressionPointcut.java:227)
	at org.springframework.aop.aspectj.AspectJExpressionPointcut.obtainPointcutExpression(AspectJExpressionPointcut.java:198)
	at org.springframework.aop.aspectj.AspectJExpressionPointcut.getClassFilter(AspectJExpressionPointcut.java:177)
	at org.springframework.aop.support.AopUtils.canApply(AopUtils.java:225)
	at org.springframework.aop.support.AopUtils.canApply(AopUtils.java:288)
	at org.springframework.aop.support.AopUtils.findAdvisorsThatCanApply(AopUtils.java:320)
	at org.springframework.aop.framework.autoproxy.AbstractAdvisorAutoProxyCreator.findAdvisorsThatCanApply(AbstractAdvisorAutoProxyCreator.java:126)
	at org.springframework.aop.framework.autoproxy.AbstractAdvisorAutoProxyCreator.findEligibleAdvisors(AbstractAdvisorAutoProxyCreator.java:95)
	at org.springframework.aop.framework.autoproxy.AbstractAdvisorAutoProxyCreator.getAdvicesAndAdvisorsForBean(AbstractAdvisorAutoProxyCreator.java:76)
	at org.springframework.aop.framework.autoproxy.AbstractAutoProxyCreator.wrapIfNecessary(AbstractAutoProxyCreator.java:347)
	at org.springframework.aop.framework.autoproxy.AbstractAutoProxyCreator.postProcessAfterInitialization(AbstractAutoProxyCreator.java:299)
	at org.springframework.beans.factory.support.AbstractAutowireCapableBeanFactory.applyBeanPostProcessorsAfterInitialization(AbstractAutowireCapableBeanFactory.java:429)
	at org.springframework.beans.factory.support.AbstractAutowireCapableBeanFactory.initializeBean(AbstractAutowireCapableBeanFactory.java:1782)
	at org.springframework.beans.factory.support.AbstractAutowireCapableBeanFactory.doCreateBean(AbstractAutowireCapableBeanFactory.java:593)
	... 57 common frames omitted
16:33:28.666 logback [main] INFO  c.e.u.UserServiceApplication - Starting UserServiceApplication on XZ-OJA7I2FUAKR7 with PID 8636 (E:\gitproject\forreview\grape-userService\target\classes started by Administrator in E:\gitproject\forreview\grape-userService)
16:33:28.668 logback [main] INFO  c.e.u.UserServiceApplication - No active profile set, falling back to default profiles: default
16:33:29.236 logback [main] INFO  o.s.d.r.c.RepositoryConfigurationDelegate - Multiple Spring Data modules found, entering strict repository configuration mode!
16:33:29.237 logback [main] INFO  o.s.d.r.c.RepositoryConfigurationDelegate - Bootstrapping Spring Data repositories in DEFAULT mode.
16:33:29.258 logback [main] INFO  o.s.d.r.c.RepositoryConfigurationDelegate - Finished Spring Data repository scanning in 15ms. Found 0 repository interfaces.
16:33:29.268 logback [main] INFO  o.s.d.r.c.RepositoryConfigurationDelegate - Multiple Spring Data modules found, entering strict repository configuration mode!
16:33:29.269 logback [main] INFO  o.s.d.r.c.RepositoryConfigurationDelegate - Bootstrapping Spring Data repositories in DEFAULT mode.
16:33:29.281 logback [main] INFO  o.s.d.r.c.RepositoryConfigurationDelegate - Finished Spring Data repository scanning in 6ms. Found 0 repository interfaces.
16:33:29.578 logback [main] INFO  o.s.c.s.PostProcessorRegistrationDelegate$BeanPostProcessorChecker - Bean 'org.springframework.ws.config.annotation.DelegatingWsConfiguration' of type [org.springframework.ws.config.annotation.DelegatingWsConfiguration$$EnhancerBySpringCGLIB$$fe3faea4] is not eligible for getting processed by all BeanPostProcessors (for example: not eligible for auto-proxying)
16:33:29.606 logback [main] INFO  o.s.w.s.a.s.AnnotationActionEndpointMapping - Supporting [WS-Addressing August 2004, WS-Addressing 1.0]
16:33:29.646 logback [main] INFO  o.s.c.s.PostProcessorRegistrationDelegate$BeanPostProcessorChecker - Bean 'org.springframework.transaction.annotation.ProxyTransactionManagementConfiguration' of type [org.springframework.transaction.annotation.ProxyTransactionManagementConfiguration$$EnhancerBySpringCGLIB$$59a7e9a5] is not eligible for getting processed by all BeanPostProcessors (for example: not eligible for auto-proxying)
16:33:29.727 logback [main] INFO  o.s.c.s.PostProcessorRegistrationDelegate$BeanPostProcessorChecker - Bean 'redisConfiguration' of type [com.etekcity.userservice.redis.redisconfig.RedisConfiguration$$EnhancerBySpringCGLIB$$dc2a592e] is not eligible for getting processed by all BeanPostProcessors (for example: not eligible for auto-proxying)
16:33:29.991 logback [main] INFO  o.s.b.w.e.tomcat.TomcatWebServer - Tomcat initialized with port(s): 8080 (http)
16:33:30.002 logback [main] INFO  o.a.coyote.http11.Http11NioProtocol - Initializing ProtocolHandler ["http-nio-8080"]
16:33:30.009 logback [main] INFO  o.a.catalina.core.StandardService - Starting service [Tomcat]
16:33:30.009 logback [main] INFO  o.a.catalina.core.StandardEngine - Starting Servlet engine: [Apache Tomcat/9.0.19]
16:33:30.193 logback [main] INFO  o.a.c.c.C.[Tomcat].[localhost].[/] - Initializing Spring embedded WebApplicationContext
16:33:30.193 logback [main] INFO  o.s.web.context.ContextLoader - Root WebApplicationContext: initialization completed in 1493 ms
16:33:30.530 logback [main] INFO  o.h.jpa.internal.util.LogHelper - HHH000204: Processing PersistenceUnitInfo [
	name: default
	...]
16:33:30.579 logback [main] INFO  org.hibernate.Version - HHH000412: Hibernate Core {5.3.10.Final}
16:33:30.580 logback [main] INFO  org.hibernate.cfg.Environment - HHH000206: hibernate.properties not found
16:33:30.681 logback [main] INFO  o.h.annotations.common.Version - HCANN000001: Hibernate Commons Annotations {5.0.4.Final}
16:33:30.786 logback [main] INFO  com.zaxxer.hikari.HikariDataSource - HikariPool-1 - Starting...
16:33:31.209 logback [main] INFO  com.zaxxer.hikari.HikariDataSource - HikariPool-1 - Start completed.
16:33:31.218 logback [main] INFO  org.hibernate.dialect.Dialect - HHH000400: Using dialect: org.hibernate.dialect.MySQL5Dialect
16:33:31.425 logback [main] INFO  o.s.o.j.LocalContainerEntityManagerFactoryBean - Initialized JPA EntityManagerFactory for persistence unit 'default'
16:33:31.883 logback [main] INFO  o.s.s.c.ThreadPoolTaskExecutor - Initializing ExecutorService 'applicationTaskExecutor'
16:33:31.936 logback [main] WARN  o.s.b.a.o.j.JpaBaseConfiguration$JpaWebConfiguration$JpaWebMvcConfiguration - spring.jpa.open-in-view is enabled by default. Therefore, database queries may be performed during view rendering. Explicitly configure spring.jpa.open-in-view to disable this warning
16:33:32.021 logback [main] WARN  o.s.b.a.t.ThymeleafAutoConfiguration$DefaultTemplateResolverConfiguration - Cannot find template location: classpath:/templates/ (please add some templates or check your Thymeleaf configuration)
16:33:32.549 logback [main] INFO  o.a.coyote.http11.Http11NioProtocol - Starting ProtocolHandler ["http-nio-8080"]
16:33:32.568 logback [main] INFO  o.s.b.w.e.tomcat.TomcatWebServer - Tomcat started on port(s): 8080 (http) with context path ''
16:33:32.570 logback [main] INFO  c.e.u.UserServiceApplication - Started UserServiceApplication in 4.438 seconds (JVM running for 5.31)
16:33:38.347 logback [http-nio-8080-exec-3] INFO  o.a.c.c.C.[Tomcat].[localhost].[/] - Initializing Spring DispatcherServlet 'dispatcherServlet'
16:33:38.348 logback [http-nio-8080-exec-3] INFO  o.s.web.servlet.DispatcherServlet - Initializing Servlet 'dispatcherServlet'
16:33:38.356 logback [http-nio-8080-exec-3] INFO  o.s.web.servlet.DispatcherServlet - Completed initialization in 8 ms
16:34:09.125 logback [http-nio-8080-exec-3] ERROR o.a.c.c.C.[.[.[.[dispatcherServlet] - Servlet.service() for servlet [dispatcherServlet] in context with path [] threw exception [Handler dispatch failed; nested exception is java.lang.OutOfMemoryError: Java heap space] with root cause
java.lang.OutOfMemoryError: Java heap space
	at java.util.Arrays.copyOf(Arrays.java:3332)
	at java.lang.AbstractStringBuilder.ensureCapacityInternal(AbstractStringBuilder.java:124)
	at java.lang.AbstractStringBuilder.append(AbstractStringBuilder.java:448)
	at java.lang.StringBuffer.append(StringBuffer.java:270)
	at java.io.StringWriter.write(StringWriter.java:101)
	at java.io.StringWriter.append(StringWriter.java:143)
	at java.io.StringWriter.append(StringWriter.java:41)
	at com.google.gson.stream.JsonWriter.value(JsonWriter.java:534)
	at com.google.gson.internal.bind.TypeAdapters$5.write(TypeAdapters.java:189)
	at com.google.gson.internal.bind.TypeAdapters$5.write(TypeAdapters.java:173)
	at com.google.gson.internal.bind.TypeAdapterRuntimeTypeWrapper.write(TypeAdapterRuntimeTypeWrapper.java:69)
	at com.google.gson.internal.bind.ArrayTypeAdapter.write(ArrayTypeAdapter.java:95)
	at com.google.gson.internal.bind.TypeAdapterRuntimeTypeWrapper.write(TypeAdapterRuntimeTypeWrapper.java:69)
	at com.google.gson.internal.bind.ReflectiveTypeAdapterFactory$1.write(ReflectiveTypeAdapterFactory.java:127)
	at com.google.gson.internal.bind.ReflectiveTypeAdapterFactory$Adapter.write(ReflectiveTypeAdapterFactory.java:245)
	at com.google.gson.internal.bind.TypeAdapterRuntimeTypeWrapper.write(TypeAdapterRuntimeTypeWrapper.java:69)
	at com.google.gson.internal.bind.ReflectiveTypeAdapterFactory$1.write(ReflectiveTypeAdapterFactory.java:127)
	at com.google.gson.internal.bind.ReflectiveTypeAdapterFactory$Adapter.write(ReflectiveTypeAdapterFactory.java:245)
	at com.google.gson.internal.bind.TypeAdapterRuntimeTypeWrapper.write(TypeAdapterRuntimeTypeWrapper.java:69)
	at com.google.gson.internal.bind.ReflectiveTypeAdapterFactory$1.write(ReflectiveTypeAdapterFactory.java:127)
	at com.google.gson.internal.bind.ReflectiveTypeAdapterFactory$Adapter.write(ReflectiveTypeAdapterFactory.java:245)
	at com.google.gson.internal.bind.TypeAdapterRuntimeTypeWrapper.write(TypeAdapterRuntimeTypeWrapper.java:69)
	at com.google.gson.internal.bind.ArrayTypeAdapter.write(ArrayTypeAdapter.java:95)
	at com.google.gson.internal.bind.TypeAdapterRuntimeTypeWrapper.write(TypeAdapterRuntimeTypeWrapper.java:69)
	at com.google.gson.internal.bind.ReflectiveTypeAdapterFactory$1.write(ReflectiveTypeAdapterFactory.java:127)
	at com.google.gson.internal.bind.ReflectiveTypeAdapterFactory$Adapter.write(ReflectiveTypeAdapterFactory.java:245)
	at com.google.gson.internal.bind.TypeAdapterRuntimeTypeWrapper.write(TypeAdapterRuntimeTypeWrapper.java:69)
	at com.google.gson.internal.bind.ReflectiveTypeAdapterFactory$1.write(ReflectiveTypeAdapterFactory.java:127)
	at com.google.gson.internal.bind.ReflectiveTypeAdapterFactory$Adapter.write(ReflectiveTypeAdapterFactory.java:245)
	at com.google.gson.internal.bind.TypeAdapterRuntimeTypeWrapper.write(TypeAdapterRuntimeTypeWrapper.java:69)
	at com.google.gson.internal.bind.ReflectiveTypeAdapterFactory$1.write(ReflectiveTypeAdapterFactory.java:127)
	at com.google.gson.internal.bind.ReflectiveTypeAdapterFactory$Adapter.write(ReflectiveTypeAdapterFactory.java:245)
16:34:39.770 logback [Thread-11] INFO  o.s.s.c.ThreadPoolTaskExecutor - Shutting down ExecutorService 'applicationTaskExecutor'
16:34:39.771 logback [Thread-11] INFO  o.s.o.j.LocalContainerEntityManagerFactoryBean - Closing JPA EntityManagerFactory for persistence unit 'default'
16:34:39.773 logback [Thread-11] INFO  com.zaxxer.hikari.HikariDataSource - HikariPool-1 - Shutdown initiated...
16:34:39.777 logback [Thread-11] INFO  com.zaxxer.hikari.HikariDataSource - HikariPool-1 - Shutdown completed.
16:34:45.008 logback [main] INFO  c.e.u.UserServiceApplication - Starting UserServiceApplication on XZ-OJA7I2FUAKR7 with PID 11364 (E:\gitproject\forreview\grape-userService\target\classes started by Administrator in E:\gitproject\forreview\grape-userService)
16:34:45.010 logback [main] INFO  c.e.u.UserServiceApplication - No active profile set, falling back to default profiles: default
16:34:45.574 logback [main] INFO  o.s.d.r.c.RepositoryConfigurationDelegate - Multiple Spring Data modules found, entering strict repository configuration mode!
16:34:45.574 logback [main] INFO  o.s.d.r.c.RepositoryConfigurationDelegate - Bootstrapping Spring Data repositories in DEFAULT mode.
16:34:45.596 logback [main] INFO  o.s.d.r.c.RepositoryConfigurationDelegate - Finished Spring Data repository scanning in 15ms. Found 0 repository interfaces.
16:34:45.606 logback [main] INFO  o.s.d.r.c.RepositoryConfigurationDelegate - Multiple Spring Data modules found, entering strict repository configuration mode!
16:34:45.607 logback [main] INFO  o.s.d.r.c.RepositoryConfigurationDelegate - Bootstrapping Spring Data repositories in DEFAULT mode.
16:34:45.619 logback [main] INFO  o.s.d.r.c.RepositoryConfigurationDelegate - Finished Spring Data repository scanning in 6ms. Found 0 repository interfaces.
16:34:45.889 logback [main] INFO  o.s.c.s.PostProcessorRegistrationDelegate$BeanPostProcessorChecker - Bean 'org.springframework.ws.config.annotation.DelegatingWsConfiguration' of type [org.springframework.ws.config.annotation.DelegatingWsConfiguration$$EnhancerBySpringCGLIB$$18a2136b] is not eligible for getting processed by all BeanPostProcessors (for example: not eligible for auto-proxying)
16:34:45.915 logback [main] INFO  o.s.w.s.a.s.AnnotationActionEndpointMapping - Supporting [WS-Addressing August 2004, WS-Addressing 1.0]
16:34:45.956 logback [main] INFO  o.s.c.s.PostProcessorRegistrationDelegate$BeanPostProcessorChecker - Bean 'org.springframework.transaction.annotation.ProxyTransactionManagementConfiguration' of type [org.springframework.transaction.annotation.ProxyTransactionManagementConfiguration$$EnhancerBySpringCGLIB$$740a4e6c] is not eligible for getting processed by all BeanPostProcessors (for example: not eligible for auto-proxying)
16:34:46.037 logback [main] INFO  o.s.c.s.PostProcessorRegistrationDelegate$BeanPostProcessorChecker - Bean 'redisConfiguration' of type [com.etekcity.userservice.redis.redisconfig.RedisConfiguration$$EnhancerBySpringCGLIB$$f68cbdf5] is not eligible for getting processed by all BeanPostProcessors (for example: not eligible for auto-proxying)
16:34:46.304 logback [main] INFO  o.s.b.w.e.tomcat.TomcatWebServer - Tomcat initialized with port(s): 8080 (http)
16:34:46.367 logback [main] INFO  o.a.coyote.http11.Http11NioProtocol - Initializing ProtocolHandler ["http-nio-8080"]
16:34:46.374 logback [main] INFO  o.a.catalina.core.StandardService - Starting service [Tomcat]
16:34:46.374 logback [main] INFO  o.a.catalina.core.StandardEngine - Starting Servlet engine: [Apache Tomcat/9.0.19]
16:34:46.502 logback [main] INFO  o.a.c.c.C.[Tomcat].[localhost].[/] - Initializing Spring embedded WebApplicationContext
16:34:46.502 logback [main] INFO  o.s.web.context.ContextLoader - Root WebApplicationContext: initialization completed in 1458 ms
16:34:46.848 logback [main] INFO  o.h.jpa.internal.util.LogHelper - HHH000204: Processing PersistenceUnitInfo [
	name: default
	...]
16:34:46.897 logback [main] INFO  org.hibernate.Version - HHH000412: Hibernate Core {5.3.10.Final}
16:34:46.899 logback [main] INFO  org.hibernate.cfg.Environment - HHH000206: hibernate.properties not found
16:34:46.998 logback [main] INFO  o.h.annotations.common.Version - HCANN000001: Hibernate Commons Annotations {5.0.4.Final}
16:34:47.104 logback [main] INFO  com.zaxxer.hikari.HikariDataSource - HikariPool-1 - Starting...
16:34:47.525 logback [main] INFO  com.zaxxer.hikari.HikariDataSource - HikariPool-1 - Start completed.
16:34:47.534 logback [main] INFO  org.hibernate.dialect.Dialect - HHH000400: Using dialect: org.hibernate.dialect.MySQL5Dialect
16:34:47.739 logback [main] INFO  o.s.o.j.LocalContainerEntityManagerFactoryBean - Initialized JPA EntityManagerFactory for persistence unit 'default'
16:34:48.220 logback [main] INFO  o.s.s.c.ThreadPoolTaskExecutor - Initializing ExecutorService 'applicationTaskExecutor'
16:34:48.273 logback [main] WARN  o.s.b.a.o.j.JpaBaseConfiguration$JpaWebConfiguration$JpaWebMvcConfiguration - spring.jpa.open-in-view is enabled by default. Therefore, database queries may be performed during view rendering. Explicitly configure spring.jpa.open-in-view to disable this warning
16:34:48.353 logback [main] WARN  o.s.b.a.t.ThymeleafAutoConfiguration$DefaultTemplateResolverConfiguration - Cannot find template location: classpath:/templates/ (please add some templates or check your Thymeleaf configuration)
16:34:48.901 logback [main] INFO  o.a.coyote.http11.Http11NioProtocol - Starting ProtocolHandler ["http-nio-8080"]
16:34:48.921 logback [main] INFO  o.s.b.w.e.tomcat.TomcatWebServer - Tomcat started on port(s): 8080 (http) with context path ''
16:34:48.923 logback [main] INFO  c.e.u.UserServiceApplication - Started UserServiceApplication in 4.416 seconds (JVM running for 5.258)
16:35:18.780 logback [http-nio-8080-exec-1] INFO  o.a.c.c.C.[Tomcat].[localhost].[/] - Initializing Spring DispatcherServlet 'dispatcherServlet'
16:35:18.780 logback [http-nio-8080-exec-1] INFO  o.s.web.servlet.DispatcherServlet - Initializing Servlet 'dispatcherServlet'
16:35:18.789 logback [http-nio-8080-exec-1] INFO  o.s.web.servlet.DispatcherServlet - Completed initialization in 9 ms
16:35:48.977 logback [http-nio-8080-exec-1] ERROR o.a.c.c.C.[.[.[.[dispatcherServlet] - Servlet.service() for servlet [dispatcherServlet] in context with path [] threw exception [Handler dispatch failed; nested exception is java.lang.OutOfMemoryError: Java heap space] with root cause
java.lang.OutOfMemoryError: Java heap space
	at java.util.Arrays.copyOf(Arrays.java:3332)
	at java.lang.AbstractStringBuilder.ensureCapacityInternal(AbstractStringBuilder.java:124)
	at java.lang.AbstractStringBuilder.append(AbstractStringBuilder.java:448)
	at java.lang.StringBuffer.append(StringBuffer.java:270)
	at java.io.StringWriter.write(StringWriter.java:101)
	at java.io.StringWriter.append(StringWriter.java:143)
	at java.io.StringWriter.append(StringWriter.java:41)
	at com.google.gson.stream.JsonWriter.value(JsonWriter.java:534)
	at com.google.gson.internal.bind.TypeAdapters$5.write(TypeAdapters.java:189)
	at com.google.gson.internal.bind.TypeAdapters$5.write(TypeAdapters.java:173)
	at com.google.gson.internal.bind.TypeAdapterRuntimeTypeWrapper.write(TypeAdapterRuntimeTypeWrapper.java:69)
	at com.google.gson.internal.bind.ArrayTypeAdapter.write(ArrayTypeAdapter.java:95)
	at com.google.gson.internal.bind.TypeAdapterRuntimeTypeWrapper.write(TypeAdapterRuntimeTypeWrapper.java:69)
	at com.google.gson.internal.bind.ReflectiveTypeAdapterFactory$1.write(ReflectiveTypeAdapterFactory.java:127)
	at com.google.gson.internal.bind.ReflectiveTypeAdapterFactory$Adapter.write(ReflectiveTypeAdapterFactory.java:245)
	at com.google.gson.internal.bind.TypeAdapterRuntimeTypeWrapper.write(TypeAdapterRuntimeTypeWrapper.java:69)
	at com.google.gson.internal.bind.ReflectiveTypeAdapterFactory$1.write(ReflectiveTypeAdapterFactory.java:127)
	at com.google.gson.internal.bind.ReflectiveTypeAdapterFactory$Adapter.write(ReflectiveTypeAdapterFactory.java:245)
	at com.google.gson.internal.bind.TypeAdapterRuntimeTypeWrapper.write(TypeAdapterRuntimeTypeWrapper.java:69)
	at com.google.gson.internal.bind.ReflectiveTypeAdapterFactory$1.write(ReflectiveTypeAdapterFactory.java:127)
	at com.google.gson.internal.bind.ReflectiveTypeAdapterFactory$Adapter.write(ReflectiveTypeAdapterFactory.java:245)
	at com.google.gson.internal.bind.TypeAdapterRuntimeTypeWrapper.write(TypeAdapterRuntimeTypeWrapper.java:69)
	at com.google.gson.internal.bind.ArrayTypeAdapter.write(ArrayTypeAdapter.java:95)
	at com.google.gson.internal.bind.TypeAdapterRuntimeTypeWrapper.write(TypeAdapterRuntimeTypeWrapper.java:69)
	at com.google.gson.internal.bind.ReflectiveTypeAdapterFactory$1.write(ReflectiveTypeAdapterFactory.java:127)
	at com.google.gson.internal.bind.ReflectiveTypeAdapterFactory$Adapter.write(ReflectiveTypeAdapterFactory.java:245)
	at com.google.gson.internal.bind.TypeAdapterRuntimeTypeWrapper.write(TypeAdapterRuntimeTypeWrapper.java:69)
	at com.google.gson.internal.bind.ReflectiveTypeAdapterFactory$1.write(ReflectiveTypeAdapterFactory.java:127)
	at com.google.gson.internal.bind.ReflectiveTypeAdapterFactory$Adapter.write(ReflectiveTypeAdapterFactory.java:245)
	at com.google.gson.internal.bind.TypeAdapterRuntimeTypeWrapper.write(TypeAdapterRuntimeTypeWrapper.java:69)
	at com.google.gson.internal.bind.ReflectiveTypeAdapterFactory$1.write(ReflectiveTypeAdapterFactory.java:127)
	at com.google.gson.internal.bind.ReflectiveTypeAdapterFactory$Adapter.write(ReflectiveTypeAdapterFactory.java:245)
16:37:01.103 logback [http-nio-8080-exec-2] ERROR o.a.c.c.C.[.[.[.[dispatcherServlet] - Servlet.service() for servlet [dispatcherServlet] in context with path [] threw exception [Handler dispatch failed; nested exception is java.lang.OutOfMemoryError: Java heap space] with root cause
java.lang.OutOfMemoryError: Java heap space
	at java.util.Arrays.copyOf(Arrays.java:3332)
	at java.lang.AbstractStringBuilder.ensureCapacityInternal(AbstractStringBuilder.java:124)
	at java.lang.AbstractStringBuilder.append(AbstractStringBuilder.java:448)
	at java.lang.StringBuffer.append(StringBuffer.java:270)
	at java.io.StringWriter.write(StringWriter.java:101)
	at java.io.StringWriter.append(StringWriter.java:143)
	at java.io.StringWriter.append(StringWriter.java:41)
	at com.google.gson.stream.JsonWriter.value(JsonWriter.java:534)
	at com.google.gson.internal.bind.TypeAdapters$5.write(TypeAdapters.java:189)
	at com.google.gson.internal.bind.TypeAdapters$5.write(TypeAdapters.java:173)
	at com.google.gson.internal.bind.TypeAdapterRuntimeTypeWrapper.write(TypeAdapterRuntimeTypeWrapper.java:69)
	at com.google.gson.internal.bind.ArrayTypeAdapter.write(ArrayTypeAdapter.java:95)
	at com.google.gson.internal.bind.TypeAdapterRuntimeTypeWrapper.write(TypeAdapterRuntimeTypeWrapper.java:69)
	at com.google.gson.internal.bind.ReflectiveTypeAdapterFactory$1.write(ReflectiveTypeAdapterFactory.java:127)
	at com.google.gson.internal.bind.ReflectiveTypeAdapterFactory$Adapter.write(ReflectiveTypeAdapterFactory.java:245)
	at com.google.gson.internal.bind.TypeAdapterRuntimeTypeWrapper.write(TypeAdapterRuntimeTypeWrapper.java:69)
	at com.google.gson.internal.bind.ReflectiveTypeAdapterFactory$1.write(ReflectiveTypeAdapterFactory.java:127)
	at com.google.gson.internal.bind.ReflectiveTypeAdapterFactory$Adapter.write(ReflectiveTypeAdapterFactory.java:245)
	at com.google.gson.internal.bind.TypeAdapterRuntimeTypeWrapper.write(TypeAdapterRuntimeTypeWrapper.java:69)
	at com.google.gson.internal.bind.ReflectiveTypeAdapterFactory$1.write(ReflectiveTypeAdapterFactory.java:127)
	at com.google.gson.internal.bind.ReflectiveTypeAdapterFactory$Adapter.write(ReflectiveTypeAdapterFactory.java:245)
	at com.google.gson.internal.bind.TypeAdapterRuntimeTypeWrapper.write(TypeAdapterRuntimeTypeWrapper.java:69)
	at com.google.gson.internal.bind.ArrayTypeAdapter.write(ArrayTypeAdapter.java:95)
	at com.google.gson.internal.bind.TypeAdapterRuntimeTypeWrapper.write(TypeAdapterRuntimeTypeWrapper.java:69)
	at com.google.gson.internal.bind.ReflectiveTypeAdapterFactory$1.write(ReflectiveTypeAdapterFactory.java:127)
	at com.google.gson.internal.bind.ReflectiveTypeAdapterFactory$Adapter.write(ReflectiveTypeAdapterFactory.java:245)
	at com.google.gson.internal.bind.TypeAdapterRuntimeTypeWrapper.write(TypeAdapterRuntimeTypeWrapper.java:69)
	at com.google.gson.internal.bind.ReflectiveTypeAdapterFactory$1.write(ReflectiveTypeAdapterFactory.java:127)
	at com.google.gson.internal.bind.ReflectiveTypeAdapterFactory$Adapter.write(ReflectiveTypeAdapterFactory.java:245)
	at com.google.gson.internal.bind.TypeAdapterRuntimeTypeWrapper.write(TypeAdapterRuntimeTypeWrapper.java:69)
	at com.google.gson.internal.bind.ReflectiveTypeAdapterFactory$1.write(ReflectiveTypeAdapterFactory.java:127)
	at com.google.gson.internal.bind.ReflectiveTypeAdapterFactory$Adapter.write(ReflectiveTypeAdapterFactory.java:245)
16:39:11.643 logback [Thread-11] INFO  o.s.s.c.ThreadPoolTaskExecutor - Shutting down ExecutorService 'applicationTaskExecutor'
16:39:11.643 logback [Thread-11] INFO  o.s.o.j.LocalContainerEntityManagerFactoryBean - Closing JPA EntityManagerFactory for persistence unit 'default'
16:39:11.652 logback [Thread-11] INFO  com.zaxxer.hikari.HikariDataSource - HikariPool-1 - Shutdown initiated...
16:39:11.657 logback [Thread-11] INFO  com.zaxxer.hikari.HikariDataSource - HikariPool-1 - Shutdown completed.
16:39:18.906 logback [main] INFO  c.e.u.UserServiceApplication - Starting UserServiceApplication on XZ-OJA7I2FUAKR7 with PID 1972 (E:\gitproject\forreview\grape-userService\target\classes started by Administrator in E:\gitproject\forreview\grape-userService)
16:39:18.908 logback [main] INFO  c.e.u.UserServiceApplication - No active profile set, falling back to default profiles: default
16:39:19.517 logback [main] INFO  o.s.d.r.c.RepositoryConfigurationDelegate - Multiple Spring Data modules found, entering strict repository configuration mode!
16:39:19.517 logback [main] INFO  o.s.d.r.c.RepositoryConfigurationDelegate - Bootstrapping Spring Data repositories in DEFAULT mode.
16:39:19.539 logback [main] INFO  o.s.d.r.c.RepositoryConfigurationDelegate - Finished Spring Data repository scanning in 15ms. Found 0 repository interfaces.
16:39:19.548 logback [main] INFO  o.s.d.r.c.RepositoryConfigurationDelegate - Multiple Spring Data modules found, entering strict repository configuration mode!
16:39:19.549 logback [main] INFO  o.s.d.r.c.RepositoryConfigurationDelegate - Bootstrapping Spring Data repositories in DEFAULT mode.
16:39:19.561 logback [main] INFO  o.s.d.r.c.RepositoryConfigurationDelegate - Finished Spring Data repository scanning in 5ms. Found 0 repository interfaces.
16:39:19.836 logback [main] INFO  o.s.c.s.PostProcessorRegistrationDelegate$BeanPostProcessorChecker - Bean 'org.springframework.ws.config.annotation.DelegatingWsConfiguration' of type [org.springframework.ws.config.annotation.DelegatingWsConfiguration$$EnhancerBySpringCGLIB$$a3c2ddfd] is not eligible for getting processed by all BeanPostProcessors (for example: not eligible for auto-proxying)
16:39:19.862 logback [main] INFO  o.s.w.s.a.s.AnnotationActionEndpointMapping - Supporting [WS-Addressing August 2004, WS-Addressing 1.0]
16:39:19.908 logback [main] INFO  o.s.c.s.PostProcessorRegistrationDelegate$BeanPostProcessorChecker - Bean 'org.springframework.transaction.annotation.ProxyTransactionManagementConfiguration' of type [org.springframework.transaction.annotation.ProxyTransactionManagementConfiguration$$EnhancerBySpringCGLIB$$ff2b18fe] is not eligible for getting processed by all BeanPostProcessors (for example: not eligible for auto-proxying)
16:39:19.990 logback [main] INFO  o.s.c.s.PostProcessorRegistrationDelegate$BeanPostProcessorChecker - Bean 'redisConfiguration' of type [com.etekcity.userservice.redis.redisconfig.RedisConfiguration$$EnhancerBySpringCGLIB$$81ad8887] is not eligible for getting processed by all BeanPostProcessors (for example: not eligible for auto-proxying)
16:39:20.266 logback [main] INFO  o.s.b.w.e.tomcat.TomcatWebServer - Tomcat initialized with port(s): 8080 (http)
16:39:20.334 logback [main] INFO  o.a.coyote.http11.Http11NioProtocol - Initializing ProtocolHandler ["http-nio-8080"]
16:39:20.340 logback [main] INFO  o.a.catalina.core.StandardService - Starting service [Tomcat]
16:39:20.340 logback [main] INFO  o.a.catalina.core.StandardEngine - Starting Servlet engine: [Apache Tomcat/9.0.19]
16:39:20.473 logback [main] INFO  o.a.c.c.C.[Tomcat].[localhost].[/] - Initializing Spring embedded WebApplicationContext
16:39:20.473 logback [main] INFO  o.s.web.context.ContextLoader - Root WebApplicationContext: initialization completed in 1522 ms
16:39:20.813 logback [main] INFO  o.h.jpa.internal.util.LogHelper - HHH000204: Processing PersistenceUnitInfo [
	name: default
	...]
16:39:20.864 logback [main] INFO  org.hibernate.Version - HHH000412: Hibernate Core {5.3.10.Final}
16:39:20.865 logback [main] INFO  org.hibernate.cfg.Environment - HHH000206: hibernate.properties not found
16:39:20.964 logback [main] INFO  o.h.annotations.common.Version - HCANN000001: Hibernate Commons Annotations {5.0.4.Final}
16:39:21.069 logback [main] INFO  com.zaxxer.hikari.HikariDataSource - HikariPool-1 - Starting...
16:39:21.472 logback [main] INFO  com.zaxxer.hikari.HikariDataSource - HikariPool-1 - Start completed.
16:39:21.481 logback [main] INFO  org.hibernate.dialect.Dialect - HHH000400: Using dialect: org.hibernate.dialect.MySQL5Dialect
16:39:21.686 logback [main] INFO  o.s.o.j.LocalContainerEntityManagerFactoryBean - Initialized JPA EntityManagerFactory for persistence unit 'default'
16:39:22.161 logback [main] INFO  o.s.s.c.ThreadPoolTaskExecutor - Initializing ExecutorService 'applicationTaskExecutor'
16:39:22.199 logback [main] WARN  o.s.b.a.o.j.JpaBaseConfiguration$JpaWebConfiguration$JpaWebMvcConfiguration - spring.jpa.open-in-view is enabled by default. Therefore, database queries may be performed during view rendering. Explicitly configure spring.jpa.open-in-view to disable this warning
16:39:22.282 logback [main] WARN  o.s.b.a.t.ThymeleafAutoConfiguration$DefaultTemplateResolverConfiguration - Cannot find template location: classpath:/templates/ (please add some templates or check your Thymeleaf configuration)
16:39:22.820 logback [main] INFO  o.a.coyote.http11.Http11NioProtocol - Starting ProtocolHandler ["http-nio-8080"]
16:39:22.838 logback [main] INFO  o.s.b.w.e.tomcat.TomcatWebServer - Tomcat started on port(s): 8080 (http) with context path ''
16:39:22.840 logback [main] INFO  c.e.u.UserServiceApplication - Started UserServiceApplication in 4.499 seconds (JVM running for 5.324)
16:40:16.879 logback [http-nio-8080-exec-1] INFO  o.a.c.c.C.[Tomcat].[localhost].[/] - Initializing Spring DispatcherServlet 'dispatcherServlet'
16:40:16.879 logback [http-nio-8080-exec-1] INFO  o.s.web.servlet.DispatcherServlet - Initializing Servlet 'dispatcherServlet'
16:40:16.996 logback [http-nio-8080-exec-1] INFO  o.s.web.servlet.DispatcherServlet - Completed initialization in 117 ms
